#-----------------------------------------------------------
# Vivado v2018.2 (64-bit)
# SW Build 2258646 on Thu Jun 14 20:03:12 MDT 2018
# IP Build 2256618 on Thu Jun 14 22:10:49 MDT 2018
# Start of session at: Thu Jun 15 09:55:55 2023
# Process ID: 16056
# Current directory: E:/Xilinx/Projects/Nano Processor Final
# Command line: vivado.exe -gui_launcher_event rodinguilauncherevent3452 E:\Xilinx\Projects\Nano Processor Final\Nano Processor Final.xpr
# Log file: E:/Xilinx/Projects/Nano Processor Final/vivado.log
# Journal file: E:/Xilinx/Projects/Nano Processor Final\vivado.jou
#-----------------------------------------------------------
start_gui
open_project {E:/Xilinx/Projects/Nano Processor Final/Nano Processor Final.xpr}
Scanning sources...
Finished scanning sources
INFO: [IP_Flow 19-234] Refreshing IP repositories
INFO: [IP_Flow 19-1704] No user IP repositories specified
INFO: [IP_Flow 19-2313] Loaded Vivado IP repository 'E:/Xilinx/Vivado/2018.2/data/ip'.
open_project: Time (s): cpu = 00:00:14 ; elapsed = 00:00:33 . Memory (MB): peak = 744.777 ; gain = 55.312
update_compile_order -fileset sources_1
