#-----------------------------------------------------------
# Vivado v2018.2 (64-bit)
# SW Build 2258646 on Thu Jun 14 20:03:12 MDT 2018
# IP Build 2256618 on Thu Jun 14 22:10:49 MDT 2018
# Start of session at: Wed Jun 14 19:32:01 2023
# Process ID: 34200
# Current directory: E:/Xilinx/Projects/Nano Processor Final
# Command line: vivado.exe -gui_launcher_event rodinguilauncherevent29172 E:\Xilinx\Projects\Nano Processor Final\Nano Processor Final.xpr
# Log file: E:/Xilinx/Projects/Nano Processor Final/vivado.log
# Journal file: E:/Xilinx/Projects/Nano Processor Final\vivado.jou
#-----------------------------------------------------------
start_gui
open_project {E:/Xilinx/Projects/Nano Processor Final/Nano Processor Final.xpr}
Scanning sources...
Finished scanning sources
INFO: [IP_Flow 19-234] Refreshing IP repositories
INFO: [IP_Flow 19-1704] No user IP repositories specified
INFO: [IP_Flow 19-2313] Loaded Vivado IP repository 'E:/Xilinx/Vivado/2018.2/data/ip'.
open_project: Time (s): cpu = 00:00:07 ; elapsed = 00:00:23 . Memory (MB): peak = 764.828 ; gain = 82.160
update_compile_order -fileset sources_1
reset_run synth_1
WARNING: [Vivado 12-1017] Problems encountered:
1. Failed to delete one or more files in run directory E:/Xilinx/Projects/Nano Processor Final/Nano Processor Final.runs/synth_1

launch_runs impl_1 -jobs 4
[Wed Jun 14 20:13:24 2023] Launched synth_1...
Run output will be captured here: E:/Xilinx/Projects/Nano Processor Final/Nano Processor Final.runs/synth_1/runme.log
[Wed Jun 14 20:13:24 2023] Launched impl_1...
Run output will be captured here: E:/Xilinx/Projects/Nano Processor Final/Nano Processor Final.runs/impl_1/runme.log
reset_run synth_1
WARNING: [Vivado 12-1017] Problems encountered:
1. Failed to delete one or more files in run directory E:/Xilinx/Projects/Nano Processor Final/Nano Processor Final.runs/synth_1

reset_run: Time (s): cpu = 00:00:00 ; elapsed = 00:00:06 . Memory (MB): peak = 810.379 ; gain = 2.254
launch_runs impl_1 -jobs 4
[Wed Jun 14 22:59:00 2023] Launched synth_1...
Run output will be captured here: E:/Xilinx/Projects/Nano Processor Final/Nano Processor Final.runs/synth_1/runme.log
[Wed Jun 14 22:59:00 2023] Launched impl_1...
Run output will be captured here: E:/Xilinx/Projects/Nano Processor Final/Nano Processor Final.runs/impl_1/runme.log
launch_runs: Time (s): cpu = 00:00:01 ; elapsed = 00:00:10 . Memory (MB): peak = 813.613 ; gain = 2.980
