#-----------------------------------------------------------
# Vivado v2018.2 (64-bit)
# SW Build 2258646 on Thu Jun 14 20:03:12 MDT 2018
# IP Build 2256618 on Thu Jun 14 22:10:49 MDT 2018
# Start of session at: Mon Jun 12 08:37:43 2023
# Process ID: 13208
# Current directory: E:/Xilinx/Projects/Nano Processor Final
# Command line: vivado.exe -gui_launcher_event rodinguilauncherevent22064 E:\Xilinx\Projects\Nano Processor Final\Nano Processor Final.xpr
# Log file: E:/Xilinx/Projects/Nano Processor Final/vivado.log
# Journal file: E:/Xilinx/Projects/Nano Processor Final\vivado.jou
#-----------------------------------------------------------
start_gui
open_project {E:/Xilinx/Projects/Nano Processor Final/Nano Processor Final.xpr}
Scanning sources...
Finished scanning sources
INFO: [IP_Flow 19-234] Refreshing IP repositories
INFO: [IP_Flow 19-1704] No user IP repositories specified
INFO: [IP_Flow 19-2313] Loaded Vivado IP repository 'E:/Xilinx/Vivado/2018.2/data/ip'.
open_project: Time (s): cpu = 00:00:05 ; elapsed = 00:00:17 . Memory (MB): peak = 760.621 ; gain = 79.598
update_compile_order -fileset sources_1
set_property SOURCE_SET sources_1 [get_filesets sim_1]
close [ open {E:/Xilinx/Projects/Nano Processor Final/Nano Processor Final.srcs/sim_1/new/Mux_8_to_1_4bit_TB.vhd} w ]
add_files -fileset sim_1 {{E:/Xilinx/Projects/Nano Processor Final/Nano Processor Final.srcs/sim_1/new/Mux_8_to_1_4bit_TB.vhd}}
update_compile_order -fileset sim_1
set_property SOURCE_SET sources_1 [get_filesets sim_1]
close [ open {E:/Xilinx/Projects/Nano Processor Final/Nano Processor Final.srcs/sim_1/new/Mux_2_to_1_4bit_TB.vhd} w ]
add_files -fileset sim_1 {{E:/Xilinx/Projects/Nano Processor Final/Nano Processor Final.srcs/sim_1/new/Mux_2_to_1_4bit_TB.vhd}}
update_compile_order -fileset sim_1
set_property SOURCE_SET sources_1 [get_filesets sim_1]
close [ open {E:/Xilinx/Projects/Nano Processor Final/Nano Processor Final.srcs/sim_1/new/Mux_2_to_1_3bit_TB.vhd} w ]
add_files -fileset sim_1 {{E:/Xilinx/Projects/Nano Processor Final/Nano Processor Final.srcs/sim_1/new/Mux_2_to_1_3bit_TB.vhd}}
update_compile_order -fileset sim_1
set_property SOURCE_SET sources_1 [get_filesets sim_1]
close [ open {E:/Xilinx/Projects/Nano Processor Final/Nano Processor Final.srcs/sim_1/new/Decoder_2_to_4_TB.vhd} w ]
add_files -fileset sim_1 {{E:/Xilinx/Projects/Nano Processor Final/Nano Processor Final.srcs/sim_1/new/Decoder_2_to_4_TB.vhd}}
update_compile_order -fileset sim_1
set_property SOURCE_SET sources_1 [get_filesets sim_1]
close [ open {E:/Xilinx/Projects/Nano Processor Final/Nano Processor Final.srcs/sim_1/new/Decoder_3_to_8_TB.vhd} w ]
add_files -fileset sim_1 {{E:/Xilinx/Projects/Nano Processor Final/Nano Processor Final.srcs/sim_1/new/Decoder_3_to_8_TB.vhd}}
update_compile_order -fileset sim_1
set_property SOURCE_SET sources_1 [get_filesets sim_1]
close [ open {E:/Xilinx/Projects/Nano Processor Final/Nano Processor Final.srcs/sim_1/new/Reg_3bit_TB.vhd} w ]
add_files -fileset sim_1 {{E:/Xilinx/Projects/Nano Processor Final/Nano Processor Final.srcs/sim_1/new/Reg_3bit_TB.vhd}}
update_compile_order -fileset sim_1
set_property SOURCE_SET sources_1 [get_filesets sim_1]
close [ open {E:/Xilinx/Projects/Nano Processor Final/Nano Processor Final.srcs/sim_1/new/Reg_4bit_TB.vhd} w ]
add_files -fileset sim_1 {{E:/Xilinx/Projects/Nano Processor Final/Nano Processor Final.srcs/sim_1/new/Reg_4bit_TB.vhd}}
update_compile_order -fileset sim_1
reset_run synth_1
WARNING: [Vivado 12-1017] Problems encountered:
1. Failed to delete one or more files in run directory E:/Xilinx/Projects/Nano Processor Final/Nano Processor Final.runs/synth_1

launch_runs impl_1 -jobs 4
[Mon Jun 12 09:26:49 2023] Launched synth_1...
Run output will be captured here: E:/Xilinx/Projects/Nano Processor Final/Nano Processor Final.runs/synth_1/runme.log
[Mon Jun 12 09:26:49 2023] Launched impl_1...
Run output will be captured here: E:/Xilinx/Projects/Nano Processor Final/Nano Processor Final.runs/impl_1/runme.log
launch_simulation
INFO: [Vivado 12-5682] Launching behavioral simulation in 'E:/Xilinx/Projects/Nano Processor Final/Nano Processor Final.sim/sim_1/behav/xsim'
INFO: [SIM-utils-51] Simulation object is 'sim_1'
INFO: [SIM-utils-54] Inspecting design source files for 'System_TB' in fileset 'sim_1'...
INFO: [USF-XSim-97] Finding global include files...
INFO: [USF-XSim-98] Fetching design files from 'sim_1'...
INFO: [USF-XSim-2] XSim::Compile design
INFO: [USF-XSim-61] Executing 'COMPILE and ANALYZE' step in 'E:/Xilinx/Projects/Nano Processor Final/Nano Processor Final.sim/sim_1/behav/xsim'
"xvhdl --incr --relax -prj System_TB_vhdl.prj"
INFO: [VRFC 10-163] Analyzing VHDL file "E:/Xilinx/Projects/Nano Processor Final/Nano Processor Final.srcs/sources_1/new/Instruction_Decoder.vhd" into library xil_defaultlib
INFO: [VRFC 10-307] analyzing entity Instruction_Decoder
INFO: [VRFC 10-163] Analyzing VHDL file "E:/Xilinx/Projects/Nano Processor Final/Nano Processor Final.srcs/sources_1/new/Nano_Processor.vhd" into library xil_defaultlib
INFO: [VRFC 10-307] analyzing entity Nano_Processor
INFO: [VRFC 10-163] Analyzing VHDL file "E:/Xilinx/Projects/Nano Processor Final/Nano Processor Final.srcs/sim_1/new/System_TB.vhd" into library xil_defaultlib
INFO: [VRFC 10-307] analyzing entity System_TB
INFO: [USF-XSim-69] 'compile' step finished in '4' seconds
INFO: [USF-XSim-3] XSim::Elaborate design
INFO: [USF-XSim-61] Executing 'ELABORATE' step in 'E:/Xilinx/Projects/Nano Processor Final/Nano Processor Final.sim/sim_1/behav/xsim'
Vivado Simulator 2018.2
Copyright 1986-1999, 2001-2018 Xilinx, Inc. All Rights Reserved.
Running: E:/Xilinx/Vivado/2018.2/bin/unwrapped/win64.o/xelab.exe -wto 67a5dd7157414ed9814149af3173682b --incr --debug typical --relax --mt 2 -L xil_defaultlib -L secureip --snapshot System_TB_behav xil_defaultlib.System_TB -log elaborate.log 
Using 2 slave threads.
Starting static elaboration
Completed static elaboration
Starting simulation data flow analysis
Completed simulation data flow analysis
Time Resolution for simulation is 1ps
Compiling package std.standard
Compiling package std.textio
Compiling package ieee.std_logic_1164
Compiling package ieee.numeric_std
Compiling architecture behavioral of entity xil_defaultlib.LUT_16_7 [lut_16_7_default]
Compiling architecture behavioral of entity xil_defaultlib.Slow_Clock [slow_clock_default]
Compiling architecture behavioral of entity xil_defaultlib.Reg_3bit [reg_3bit_default]
Compiling architecture behavioral of entity xil_defaultlib.HA [ha_default]
Compiling architecture behavioral of entity xil_defaultlib.FA [fa_default]
Compiling architecture behavioral of entity xil_defaultlib.Adder_3bit [adder_3bit_default]
Compiling architecture behavioral of entity xil_defaultlib.Mux_2_to_1_3bit [mux_2_to_1_3bit_default]
Compiling architecture behavioral of entity xil_defaultlib.Program_ROM [program_rom_default]
Compiling architecture behavioral of entity xil_defaultlib.Decoder_2_to_4 [decoder_2_to_4_default]
Compiling architecture behavioral of entity xil_defaultlib.Instruction_Decoder [instruction_decoder_default]
Compiling architecture behavioral of entity xil_defaultlib.Mux_2_to_1_4bit [mux_2_to_1_4bit_default]
Compiling architecture behavioral of entity xil_defaultlib.Reg_4bit [reg_4bit_default]
Compiling architecture behavioral of entity xil_defaultlib.Decoder_3_to_8 [decoder_3_to_8_default]
Compiling architecture behavioral of entity xil_defaultlib.Register_Bank [register_bank_default]
Compiling architecture behavioral of entity xil_defaultlib.Mux_8_to_1_4bit [mux_8_to_1_4bit_default]
Compiling architecture behavioral of entity xil_defaultlib.ASU_4bit [asu_4bit_default]
Compiling architecture behavioral of entity xil_defaultlib.Nano_Processor [nano_processor_default]
Compiling architecture behavioral of entity xil_defaultlib.System [system_default]
Compiling architecture behavioral of entity xil_defaultlib.system_tb
Built simulation snapshot System_TB_behav

****** Webtalk v2018.2 (64-bit)
  **** SW Build 2258646 on Thu Jun 14 20:03:12 MDT 2018
  **** IP Build 2256618 on Thu Jun 14 22:10:49 MDT 2018
    ** Copyright 1986-2018 Xilinx, Inc. All Rights Reserved.

source E:/Xilinx/Projects/Nano -notrace
couldn't read file "E:/Xilinx/Projects/Nano": permission denied
INFO: [Common 17-206] Exiting Webtalk at Mon Jun 12 09:41:41 2023...
run_program: Time (s): cpu = 00:00:00 ; elapsed = 00:00:10 . Memory (MB): peak = 829.801 ; gain = 0.000
INFO: [USF-XSim-69] 'elaborate' step finished in '10' seconds
INFO: [USF-XSim-4] XSim::Simulate design
INFO: [USF-XSim-61] Executing 'SIMULATE' step in 'E:/Xilinx/Projects/Nano Processor Final/Nano Processor Final.sim/sim_1/behav/xsim'
INFO: [USF-XSim-98] *** Running xsim
   with args "System_TB_behav -key {Behavioral:sim_1:Functional:System_TB} -tclbatch {System_TB.tcl} -log {simulate.log}"
INFO: [USF-XSim-8] Loading simulator feature
Vivado Simulator 2018.2
Time resolution is 1 ps
source System_TB.tcl
# set curr_wave [current_wave_config]
# if { [string length $curr_wave] == 0 } {
#   if { [llength [get_objects]] > 0} {
#     add_wave /
#     set_property needs_save false [current_wave_config]
#   } else {
#      send_msg_id Add_Wave-1 WARNING "No top level signals found. Simulator will start without a wave window. If you want to open a wave window go to 'File->New Waveform Configuration' or type 'create_wave_config' in the TCL console."
#   }
# }
# run 1000ns
xsim: Time (s): cpu = 00:00:02 ; elapsed = 00:00:05 . Memory (MB): peak = 839.590 ; gain = 9.789
INFO: [USF-XSim-96] XSim completed. Design snapshot 'System_TB_behav' loaded.
INFO: [USF-XSim-97] XSim simulation ran for 1000ns
launch_simulation: Time (s): cpu = 00:00:02 ; elapsed = 00:00:22 . Memory (MB): peak = 839.590 ; gain = 9.789
close_sim
INFO: [Simtcl 6-16] Simulation closed
launch_simulation
INFO: [Vivado 12-5682] Launching behavioral simulation in 'E:/Xilinx/Projects/Nano Processor Final/Nano Processor Final.sim/sim_1/behav/xsim'
INFO: [SIM-utils-51] Simulation object is 'sim_1'
INFO: [SIM-utils-54] Inspecting design source files for 'System_TB' in fileset 'sim_1'...
INFO: [USF-XSim-97] Finding global include files...
INFO: [USF-XSim-98] Fetching design files from 'sim_1'...
INFO: [USF-XSim-2] XSim::Compile design
INFO: [USF-XSim-61] Executing 'COMPILE and ANALYZE' step in 'E:/Xilinx/Projects/Nano Processor Final/Nano Processor Final.sim/sim_1/behav/xsim'
"xvhdl --incr --relax -prj System_TB_vhdl.prj"
INFO: [USF-XSim-69] 'compile' step finished in '4' seconds
INFO: [USF-XSim-3] XSim::Elaborate design
INFO: [USF-XSim-61] Executing 'ELABORATE' step in 'E:/Xilinx/Projects/Nano Processor Final/Nano Processor Final.sim/sim_1/behav/xsim'
Vivado Simulator 2018.2
Copyright 1986-1999, 2001-2018 Xilinx, Inc. All Rights Reserved.
Running: E:/Xilinx/Vivado/2018.2/bin/unwrapped/win64.o/xelab.exe -wto 67a5dd7157414ed9814149af3173682b --incr --debug typical --relax --mt 2 -L xil_defaultlib -L secureip --snapshot System_TB_behav xil_defaultlib.System_TB -log elaborate.log 
Using 2 slave threads.
Starting static elaboration
Completed static elaboration
INFO: [XSIM 43-4323] No Change in HDL. Linking previously generated obj files to create kernel
INFO: [USF-XSim-69] 'elaborate' step finished in '4' seconds
INFO: [USF-XSim-4] XSim::Simulate design
INFO: [USF-XSim-61] Executing 'SIMULATE' step in 'E:/Xilinx/Projects/Nano Processor Final/Nano Processor Final.sim/sim_1/behav/xsim'
INFO: [USF-XSim-98] *** Running xsim
   with args "System_TB_behav -key {Behavioral:sim_1:Functional:System_TB} -tclbatch {System_TB.tcl} -log {simulate.log}"
INFO: [USF-XSim-8] Loading simulator feature
Vivado Simulator 2018.2
Time resolution is 1 ps
source System_TB.tcl
# set curr_wave [current_wave_config]
# if { [string length $curr_wave] == 0 } {
#   if { [llength [get_objects]] > 0} {
#     add_wave /
#     set_property needs_save false [current_wave_config]
#   } else {
#      send_msg_id Add_Wave-1 WARNING "No top level signals found. Simulator will start without a wave window. If you want to open a wave window go to 'File->New Waveform Configuration' or type 'create_wave_config' in the TCL console."
#   }
# }
# run 1000ns
INFO: [USF-XSim-96] XSim completed. Design snapshot 'System_TB_behav' loaded.
INFO: [USF-XSim-97] XSim simulation ran for 1000ns
launch_simulation: Time (s): cpu = 00:00:01 ; elapsed = 00:00:11 . Memory (MB): peak = 849.145 ; gain = 0.000
reset_run synth_1
WARNING: [Vivado 12-1017] Problems encountered:
1. Failed to delete one or more files in run directory E:/Xilinx/Projects/Nano Processor Final/Nano Processor Final.runs/synth_1

launch_runs impl_1 -jobs 4
[Mon Jun 12 10:57:02 2023] Launched synth_1...
Run output will be captured here: E:/Xilinx/Projects/Nano Processor Final/Nano Processor Final.runs/synth_1/runme.log
[Mon Jun 12 10:57:03 2023] Launched impl_1...
Run output will be captured here: E:/Xilinx/Projects/Nano Processor Final/Nano Processor Final.runs/impl_1/runme.log
close_sim
INFO: [Simtcl 6-16] Simulation closed
launch_simulation
INFO: [Vivado 12-5682] Launching behavioral simulation in 'E:/Xilinx/Projects/Nano Processor Final/Nano Processor Final.sim/sim_1/behav/xsim'
INFO: [SIM-utils-51] Simulation object is 'sim_1'
INFO: [SIM-utils-54] Inspecting design source files for 'System_TB' in fileset 'sim_1'...
INFO: [USF-XSim-97] Finding global include files...
INFO: [USF-XSim-98] Fetching design files from 'sim_1'...
INFO: [USF-XSim-2] XSim::Compile design
INFO: [USF-XSim-61] Executing 'COMPILE and ANALYZE' step in 'E:/Xilinx/Projects/Nano Processor Final/Nano Processor Final.sim/sim_1/behav/xsim'
"xvhdl --incr --relax -prj System_TB_vhdl.prj"
INFO: [VRFC 10-163] Analyzing VHDL file "E:/Xilinx/Projects/Nano Processor Final/Nano Processor Final.srcs/sources_1/new/System.vhd" into library xil_defaultlib
INFO: [VRFC 10-307] analyzing entity System
INFO: [USF-XSim-69] 'compile' step finished in '5' seconds
INFO: [USF-XSim-3] XSim::Elaborate design
INFO: [USF-XSim-61] Executing 'ELABORATE' step in 'E:/Xilinx/Projects/Nano Processor Final/Nano Processor Final.sim/sim_1/behav/xsim'
Vivado Simulator 2018.2
Copyright 1986-1999, 2001-2018 Xilinx, Inc. All Rights Reserved.
Running: E:/Xilinx/Vivado/2018.2/bin/unwrapped/win64.o/xelab.exe -wto 67a5dd7157414ed9814149af3173682b --incr --debug typical --relax --mt 2 -L xil_defaultlib -L secureip --snapshot System_TB_behav xil_defaultlib.System_TB -log elaborate.log 
Using 2 slave threads.
Starting static elaboration
Completed static elaboration
Starting simulation data flow analysis
Completed simulation data flow analysis
Time Resolution for simulation is 1ps
Compiling package std.standard
Compiling package std.textio
Compiling package ieee.std_logic_1164
Compiling package ieee.numeric_std
Compiling architecture behavioral of entity xil_defaultlib.LUT_16_7 [lut_16_7_default]
Compiling architecture behavioral of entity xil_defaultlib.Slow_Clock [slow_clock_default]
Compiling architecture behavioral of entity xil_defaultlib.Reg_3bit [reg_3bit_default]
Compiling architecture behavioral of entity xil_defaultlib.HA [ha_default]
Compiling architecture behavioral of entity xil_defaultlib.FA [fa_default]
Compiling architecture behavioral of entity xil_defaultlib.Adder_3bit [adder_3bit_default]
Compiling architecture behavioral of entity xil_defaultlib.Mux_2_to_1_3bit [mux_2_to_1_3bit_default]
Compiling architecture behavioral of entity xil_defaultlib.Program_ROM [program_rom_default]
Compiling architecture behavioral of entity xil_defaultlib.Decoder_2_to_4 [decoder_2_to_4_default]
Compiling architecture behavioral of entity xil_defaultlib.Instruction_Decoder [instruction_decoder_default]
Compiling architecture behavioral of entity xil_defaultlib.Mux_2_to_1_4bit [mux_2_to_1_4bit_default]
Compiling architecture behavioral of entity xil_defaultlib.Reg_4bit [reg_4bit_default]
Compiling architecture behavioral of entity xil_defaultlib.Decoder_3_to_8 [decoder_3_to_8_default]
Compiling architecture behavioral of entity xil_defaultlib.Register_Bank [register_bank_default]
Compiling architecture behavioral of entity xil_defaultlib.Mux_8_to_1_4bit [mux_8_to_1_4bit_default]
Compiling architecture behavioral of entity xil_defaultlib.ASU_4bit [asu_4bit_default]
Compiling architecture behavioral of entity xil_defaultlib.Nano_Processor [nano_processor_default]
Compiling architecture behavioral of entity xil_defaultlib.System [system_default]
Compiling architecture behavioral of entity xil_defaultlib.system_tb
Built simulation snapshot System_TB_behav
run_program: Time (s): cpu = 00:00:00 ; elapsed = 00:00:07 . Memory (MB): peak = 850.465 ; gain = 0.000
