#-----------------------------------------------------------
# Vivado v2018.2 (64-bit)
# SW Build 2258646 on Thu Jun 14 20:03:12 MDT 2018
# IP Build 2256618 on Thu Jun 14 22:10:49 MDT 2018
# Start of session at: Sun Jun 11 20:05:47 2023
# Process ID: 16564
# Current directory: E:/Xilinx/Projects/Nano Processor Final
# Command line: vivado.exe -gui_launcher_event rodinguilauncherevent17412 E:\Xilinx\Projects\Nano Processor Final\Nano Processor Final.xpr
# Log file: E:/Xilinx/Projects/Nano Processor Final/vivado.log
# Journal file: E:/Xilinx/Projects/Nano Processor Final\vivado.jou
#-----------------------------------------------------------
start_gui
open_project {E:/Xilinx/Projects/Nano Processor Final/Nano Processor Final.xpr}
Scanning sources...
Finished scanning sources
INFO: [IP_Flow 19-234] Refreshing IP repositories
INFO: [IP_Flow 19-1704] No user IP repositories specified
INFO: [IP_Flow 19-2313] Loaded Vivado IP repository 'E:/Xilinx/Vivado/2018.2/data/ip'.
open_project: Time (s): cpu = 00:00:12 ; elapsed = 00:00:19 . Memory (MB): peak = 840.477 ; gain = 102.605
update_compile_order -fileset sources_1
reset_run synth_1
WARNING: [Vivado 12-1017] Problems encountered:
1. Failed to delete one or more files in run directory E:/Xilinx/Projects/Nano Processor Final/Nano Processor Final.runs/synth_1

launch_runs impl_1 -jobs 4
[Sun Jun 11 21:10:50 2023] Launched synth_1...
Run output will be captured here: E:/Xilinx/Projects/Nano Processor Final/Nano Processor Final.runs/synth_1/runme.log
[Sun Jun 11 21:10:50 2023] Launched impl_1...
Run output will be captured here: E:/Xilinx/Projects/Nano Processor Final/Nano Processor Final.runs/impl_1/runme.log
launch_simulation
INFO: [Vivado 12-5682] Launching behavioral simulation in 'E:/Xilinx/Projects/Nano Processor Final/Nano Processor Final.sim/sim_1/behav/xsim'
INFO: [SIM-utils-51] Simulation object is 'sim_1'
INFO: [SIM-utils-54] Inspecting design source files for 'System_TB' in fileset 'sim_1'...
INFO: [USF-XSim-97] Finding global include files...
INFO: [USF-XSim-98] Fetching design files from 'sim_1'...
INFO: [USF-XSim-2] XSim::Compile design
INFO: [USF-XSim-61] Executing 'COMPILE and ANALYZE' step in 'E:/Xilinx/Projects/Nano Processor Final/Nano Processor Final.sim/sim_1/behav/xsim'
"xvhdl --incr --relax -prj System_TB_vhdl.prj"
INFO: [VRFC 10-163] Analyzing VHDL file "E:/Xilinx/Projects/Nano Processor Final/Nano Processor Final.srcs/sources_1/new/LUT_16_7.vhd" into library xil_defaultlib
INFO: [VRFC 10-307] analyzing entity LUT_16_7
INFO: [VRFC 10-163] Analyzing VHDL file "E:/Xilinx/Projects/Nano Processor Final/Nano Processor Final.srcs/sources_1/new/Nano_Processor.vhd" into library xil_defaultlib
INFO: [VRFC 10-307] analyzing entity Nano_Processor
INFO: [VRFC 10-163] Analyzing VHDL file "E:/Xilinx/Projects/Nano Processor Final/Nano Processor Final.srcs/sources_1/new/Slow_Clock.vhd" into library xil_defaultlib
INFO: [VRFC 10-307] analyzing entity Slow_Clock
INFO: [VRFC 10-163] Analyzing VHDL file "E:/Xilinx/Projects/Nano Processor Final/Nano Processor Final.srcs/sources_1/new/System.vhd" into library xil_defaultlib
INFO: [VRFC 10-307] analyzing entity System
run_program: Time (s): cpu = 00:00:00 ; elapsed = 00:00:07 . Memory (MB): peak = 872.977 ; gain = 0.000
INFO: [USF-XSim-69] 'compile' step finished in '7' seconds
INFO: [USF-XSim-3] XSim::Elaborate design
INFO: [USF-XSim-61] Executing 'ELABORATE' step in 'E:/Xilinx/Projects/Nano Processor Final/Nano Processor Final.sim/sim_1/behav/xsim'
Vivado Simulator 2018.2
Copyright 1986-1999, 2001-2018 Xilinx, Inc. All Rights Reserved.
Running: E:/Xilinx/Vivado/2018.2/bin/unwrapped/win64.o/xelab.exe -wto 67a5dd7157414ed9814149af3173682b --incr --debug typical --relax --mt 2 -L xil_defaultlib -L secureip --snapshot System_TB_behav xil_defaultlib.System_TB -log elaborate.log 
Using 2 slave threads.
Starting static elaboration
Completed static elaboration
Starting simulation data flow analysis
Completed simulation data flow analysis
Time Resolution for simulation is 1ps
Compiling package std.standard
Compiling package std.textio
Compiling package ieee.std_logic_1164
Compiling package ieee.numeric_std
Compiling architecture behavioral of entity xil_defaultlib.LUT_16_7 [lut_16_7_default]
Compiling architecture behavioral of entity xil_defaultlib.Slow_Clock [slow_clock_default]
Compiling architecture behavioral of entity xil_defaultlib.Reg_3bit [reg_3bit_default]
Compiling architecture behavioral of entity xil_defaultlib.HA [ha_default]
Compiling architecture behavioral of entity xil_defaultlib.FA [fa_default]
Compiling architecture behavioral of entity xil_defaultlib.Adder_3bit [adder_3bit_default]
Compiling architecture behavioral of entity xil_defaultlib.Mux_2_to_1_3bit [mux_2_to_1_3bit_default]
Compiling architecture behavioral of entity xil_defaultlib.Program_ROM [program_rom_default]
Compiling architecture behavioral of entity xil_defaultlib.Decoder_2_to_4 [decoder_2_to_4_default]
Compiling architecture behavioral of entity xil_defaultlib.Instruction_Decoder [instruction_decoder_default]
Compiling architecture behavioral of entity xil_defaultlib.Mux_2_to_1_4bit [mux_2_to_1_4bit_default]
Compiling architecture behavioral of entity xil_defaultlib.Reg_4bit [reg_4bit_default]
Compiling architecture behavioral of entity xil_defaultlib.Decoder_3_to_8 [decoder_3_to_8_default]
Compiling architecture behavioral of entity xil_defaultlib.Register_Bank [register_bank_default]
Compiling architecture behavioral of entity xil_defaultlib.Mux_8_to_1_4bit [mux_8_to_1_4bit_default]
Compiling architecture behavioral of entity xil_defaultlib.ASU_4bit [asu_4bit_default]
Compiling architecture behavioral of entity xil_defaultlib.Nano_Processor [nano_processor_default]
Compiling architecture behavioral of entity xil_defaultlib.System [system_default]
Compiling architecture behavioral of entity xil_defaultlib.system_tb
Built simulation snapshot System_TB_behav
run_program: Time (s): cpu = 00:00:00 ; elapsed = 00:00:08 . Memory (MB): peak = 872.977 ; gain = 0.000
INFO: [USF-XSim-69] 'elaborate' step finished in '8' seconds
INFO: [USF-XSim-4] XSim::Simulate design
INFO: [USF-XSim-61] Executing 'SIMULATE' step in 'E:/Xilinx/Projects/Nano Processor Final/Nano Processor Final.sim/sim_1/behav/xsim'
INFO: [USF-XSim-98] *** Running xsim
   with args "System_TB_behav -key {Behavioral:sim_1:Functional:System_TB} -tclbatch {System_TB.tcl} -log {simulate.log}"
INFO: [USF-XSim-8] Loading simulator feature
Vivado Simulator 2018.2
Time resolution is 1 ps
source System_TB.tcl
# set curr_wave [current_wave_config]
# if { [string length $curr_wave] == 0 } {
#   if { [llength [get_objects]] > 0} {
#     add_wave /
#     set_property needs_save false [current_wave_config]
#   } else {
#      send_msg_id Add_Wave-1 WARNING "No top level signals found. Simulator will start without a wave window. If you want to open a wave window go to 'File->New Waveform Configuration' or type 'create_wave_config' in the TCL console."
#   }
# }
# run 1000ns
xsim: Time (s): cpu = 00:00:02 ; elapsed = 00:00:06 . Memory (MB): peak = 883.680 ; gain = 10.703
INFO: [USF-XSim-96] XSim completed. Design snapshot 'System_TB_behav' loaded.
INFO: [USF-XSim-97] XSim simulation ran for 1000ns
launch_simulation: Time (s): cpu = 00:00:02 ; elapsed = 00:00:24 . Memory (MB): peak = 883.680 ; gain = 10.703
reset_run synth_1
WARNING: [Vivado 12-1017] Problems encountered:
1. Failed to delete one or more files in run directory E:/Xilinx/Projects/Nano Processor Final/Nano Processor Final.runs/synth_1

launch_runs impl_1 -jobs 4
[Sun Jun 11 21:37:05 2023] Launched synth_1...
Run output will be captured here: E:/Xilinx/Projects/Nano Processor Final/Nano Processor Final.runs/synth_1/runme.log
[Sun Jun 11 21:37:05 2023] Launched impl_1...
Run output will be captured here: E:/Xilinx/Projects/Nano Processor Final/Nano Processor Final.runs/impl_1/runme.log
close_sim
INFO: [Simtcl 6-16] Simulation closed
launch_simulation
INFO: [Vivado 12-5682] Launching behavioral simulation in 'E:/Xilinx/Projects/Nano Processor Final/Nano Processor Final.sim/sim_1/behav/xsim'
INFO: [SIM-utils-51] Simulation object is 'sim_1'
INFO: [SIM-utils-54] Inspecting design source files for 'System_TB' in fileset 'sim_1'...
INFO: [USF-XSim-97] Finding global include files...
INFO: [USF-XSim-98] Fetching design files from 'sim_1'...
INFO: [USF-XSim-2] XSim::Compile design
INFO: [USF-XSim-61] Executing 'COMPILE and ANALYZE' step in 'E:/Xilinx/Projects/Nano Processor Final/Nano Processor Final.sim/sim_1/behav/xsim'
"xvhdl --incr --relax -prj System_TB_vhdl.prj"
INFO: [VRFC 10-163] Analyzing VHDL file "E:/Xilinx/Projects/Nano Processor Final/Nano Processor Final.srcs/sources_1/new/Nano_Processor.vhd" into library xil_defaultlib
INFO: [VRFC 10-307] analyzing entity Nano_Processor
INFO: [VRFC 10-163] Analyzing VHDL file "E:/Xilinx/Projects/Nano Processor Final/Nano Processor Final.srcs/sources_1/new/Program_ROM.vhd" into library xil_defaultlib
INFO: [VRFC 10-307] analyzing entity Program_ROM
INFO: [USF-XSim-69] 'compile' step finished in '4' seconds
INFO: [USF-XSim-3] XSim::Elaborate design
INFO: [USF-XSim-61] Executing 'ELABORATE' step in 'E:/Xilinx/Projects/Nano Processor Final/Nano Processor Final.sim/sim_1/behav/xsim'
Vivado Simulator 2018.2
Copyright 1986-1999, 2001-2018 Xilinx, Inc. All Rights Reserved.
Running: E:/Xilinx/Vivado/2018.2/bin/unwrapped/win64.o/xelab.exe -wto 67a5dd7157414ed9814149af3173682b --incr --debug typical --relax --mt 2 -L xil_defaultlib -L secureip --snapshot System_TB_behav xil_defaultlib.System_TB -log elaborate.log 
Using 2 slave threads.
Starting static elaboration
Completed static elaboration
Starting simulation data flow analysis
Completed simulation data flow analysis
Time Resolution for simulation is 1ps
Compiling package std.standard
Compiling package std.textio
Compiling package ieee.std_logic_1164
Compiling package ieee.numeric_std
Compiling architecture behavioral of entity xil_defaultlib.LUT_16_7 [lut_16_7_default]
Compiling architecture behavioral of entity xil_defaultlib.Slow_Clock [slow_clock_default]
Compiling architecture behavioral of entity xil_defaultlib.Reg_3bit [reg_3bit_default]
Compiling architecture behavioral of entity xil_defaultlib.HA [ha_default]
Compiling architecture behavioral of entity xil_defaultlib.FA [fa_default]
Compiling architecture behavioral of entity xil_defaultlib.Adder_3bit [adder_3bit_default]
Compiling architecture behavioral of entity xil_defaultlib.Mux_2_to_1_3bit [mux_2_to_1_3bit_default]
Compiling architecture behavioral of entity xil_defaultlib.Program_ROM [program_rom_default]
Compiling architecture behavioral of entity xil_defaultlib.Decoder_2_to_4 [decoder_2_to_4_default]
Compiling architecture behavioral of entity xil_defaultlib.Instruction_Decoder [instruction_decoder_default]
Compiling architecture behavioral of entity xil_defaultlib.Mux_2_to_1_4bit [mux_2_to_1_4bit_default]
Compiling architecture behavioral of entity xil_defaultlib.Reg_4bit [reg_4bit_default]
Compiling architecture behavioral of entity xil_defaultlib.Decoder_3_to_8 [decoder_3_to_8_default]
Compiling architecture behavioral of entity xil_defaultlib.Register_Bank [register_bank_default]
Compiling architecture behavioral of entity xil_defaultlib.Mux_8_to_1_4bit [mux_8_to_1_4bit_default]
Compiling architecture behavioral of entity xil_defaultlib.ASU_4bit [asu_4bit_default]
Compiling architecture behavioral of entity xil_defaultlib.Nano_Processor [nano_processor_default]
Compiling architecture behavioral of entity xil_defaultlib.System [system_default]
Compiling architecture behavioral of entity xil_defaultlib.system_tb
Built simulation snapshot System_TB_behav
run_program: Time (s): cpu = 00:00:00 ; elapsed = 00:00:06 . Memory (MB): peak = 891.695 ; gain = 0.000
INFO: [USF-XSim-69] 'elaborate' step finished in '6' seconds
INFO: [USF-XSim-4] XSim::Simulate design
INFO: [USF-XSim-61] Executing 'SIMULATE' step in 'E:/Xilinx/Projects/Nano Processor Final/Nano Processor Final.sim/sim_1/behav/xsim'
INFO: [USF-XSim-98] *** Running xsim
   with args "System_TB_behav -key {Behavioral:sim_1:Functional:System_TB} -tclbatch {System_TB.tcl} -log {simulate.log}"
INFO: [USF-XSim-8] Loading simulator feature
Vivado Simulator 2018.2
Time resolution is 1 ps
source System_TB.tcl
# set curr_wave [current_wave_config]
# if { [string length $curr_wave] == 0 } {
#   if { [llength [get_objects]] > 0} {
#     add_wave /
#     set_property needs_save false [current_wave_config]
#   } else {
#      send_msg_id Add_Wave-1 WARNING "No top level signals found. Simulator will start without a wave window. If you want to open a wave window go to 'File->New Waveform Configuration' or type 'create_wave_config' in the TCL console."
#   }
# }
# run 1000ns
INFO: [USF-XSim-96] XSim completed. Design snapshot 'System_TB_behav' loaded.
INFO: [USF-XSim-97] XSim simulation ran for 1000ns
launch_simulation: Time (s): cpu = 00:00:01 ; elapsed = 00:00:15 . Memory (MB): peak = 892.238 ; gain = 0.543
close_sim
INFO: [Simtcl 6-16] Simulation closed
launch_simulation
INFO: [Vivado 12-5682] Launching behavioral simulation in 'E:/Xilinx/Projects/Nano Processor Final/Nano Processor Final.sim/sim_1/behav/xsim'
INFO: [SIM-utils-51] Simulation object is 'sim_1'
INFO: [SIM-utils-54] Inspecting design source files for 'System_TB' in fileset 'sim_1'...
INFO: [USF-XSim-97] Finding global include files...
INFO: [USF-XSim-98] Fetching design files from 'sim_1'...
INFO: [USF-XSim-2] XSim::Compile design
INFO: [USF-XSim-61] Executing 'COMPILE and ANALYZE' step in 'E:/Xilinx/Projects/Nano Processor Final/Nano Processor Final.sim/sim_1/behav/xsim'
"xvhdl --incr --relax -prj System_TB_vhdl.prj"
INFO: [USF-XSim-69] 'compile' step finished in '2' seconds
INFO: [USF-XSim-3] XSim::Elaborate design
INFO: [USF-XSim-61] Executing 'ELABORATE' step in 'E:/Xilinx/Projects/Nano Processor Final/Nano Processor Final.sim/sim_1/behav/xsim'
Vivado Simulator 2018.2
Copyright 1986-1999, 2001-2018 Xilinx, Inc. All Rights Reserved.
Running: E:/Xilinx/Vivado/2018.2/bin/unwrapped/win64.o/xelab.exe -wto 67a5dd7157414ed9814149af3173682b --incr --debug typical --relax --mt 2 -L xil_defaultlib -L secureip --snapshot System_TB_behav xil_defaultlib.System_TB -log elaborate.log 
Using 2 slave threads.
Starting static elaboration
Completed static elaboration
INFO: [XSIM 43-4323] No Change in HDL. Linking previously generated obj files to create kernel
INFO: [USF-XSim-69] 'elaborate' step finished in '2' seconds
INFO: [USF-XSim-4] XSim::Simulate design
INFO: [USF-XSim-61] Executing 'SIMULATE' step in 'E:/Xilinx/Projects/Nano Processor Final/Nano Processor Final.sim/sim_1/behav/xsim'
INFO: [USF-XSim-98] *** Running xsim
   with args "System_TB_behav -key {Behavioral:sim_1:Functional:System_TB} -tclbatch {System_TB.tcl} -log {simulate.log}"
INFO: [USF-XSim-8] Loading simulator feature
Vivado Simulator 2018.2
Time resolution is 1 ps
source System_TB.tcl
# set curr_wave [current_wave_config]
# if { [string length $curr_wave] == 0 } {
#   if { [llength [get_objects]] > 0} {
#     add_wave /
#     set_property needs_save false [current_wave_config]
#   } else {
#      send_msg_id Add_Wave-1 WARNING "No top level signals found. Simulator will start without a wave window. If you want to open a wave window go to 'File->New Waveform Configuration' or type 'create_wave_config' in the TCL console."
#   }
# }
# run 1000ns
INFO: [USF-XSim-96] XSim completed. Design snapshot 'System_TB_behav' loaded.
INFO: [USF-XSim-97] XSim simulation ran for 1000ns
launch_simulation: Time (s): cpu = 00:00:00 ; elapsed = 00:00:07 . Memory (MB): peak = 893.402 ; gain = 0.000
reset_run synth_1
WARNING: [Vivado 12-1017] Problems encountered:
1. Failed to delete one or more files in run directory E:/Xilinx/Projects/Nano Processor Final/Nano Processor Final.runs/synth_1

launch_runs impl_1 -jobs 4
[Sun Jun 11 22:07:14 2023] Launched synth_1...
Run output will be captured here: E:/Xilinx/Projects/Nano Processor Final/Nano Processor Final.runs/synth_1/runme.log
[Sun Jun 11 22:07:14 2023] Launched impl_1...
Run output will be captured here: E:/Xilinx/Projects/Nano Processor Final/Nano Processor Final.runs/impl_1/runme.log
close_sim
INFO: [Simtcl 6-16] Simulation closed
launch_simulation
INFO: [Vivado 12-5682] Launching behavioral simulation in 'E:/Xilinx/Projects/Nano Processor Final/Nano Processor Final.sim/sim_1/behav/xsim'
INFO: [SIM-utils-51] Simulation object is 'sim_1'
INFO: [SIM-utils-54] Inspecting design source files for 'System_TB' in fileset 'sim_1'...
INFO: [USF-XSim-97] Finding global include files...
INFO: [USF-XSim-98] Fetching design files from 'sim_1'...
INFO: [USF-XSim-2] XSim::Compile design
INFO: [USF-XSim-61] Executing 'COMPILE and ANALYZE' step in 'E:/Xilinx/Projects/Nano Processor Final/Nano Processor Final.sim/sim_1/behav/xsim'
"xvhdl --incr --relax -prj System_TB_vhdl.prj"
INFO: [VRFC 10-163] Analyzing VHDL file "E:/Xilinx/Projects/Nano Processor Final/Nano Processor Final.srcs/sources_1/new/Nano_Processor.vhd" into library xil_defaultlib
INFO: [VRFC 10-307] analyzing entity Nano_Processor
INFO: [USF-XSim-69] 'compile' step finished in '4' seconds
INFO: [USF-XSim-3] XSim::Elaborate design
INFO: [USF-XSim-61] Executing 'ELABORATE' step in 'E:/Xilinx/Projects/Nano Processor Final/Nano Processor Final.sim/sim_1/behav/xsim'
Vivado Simulator 2018.2
Copyright 1986-1999, 2001-2018 Xilinx, Inc. All Rights Reserved.
Running: E:/Xilinx/Vivado/2018.2/bin/unwrapped/win64.o/xelab.exe -wto 67a5dd7157414ed9814149af3173682b --incr --debug typical --relax --mt 2 -L xil_defaultlib -L secureip --snapshot System_TB_behav xil_defaultlib.System_TB -log elaborate.log 
Using 2 slave threads.
Starting static elaboration
Completed static elaboration
Starting simulation data flow analysis
Completed simulation data flow analysis
Time Resolution for simulation is 1ps
Compiling package std.standard
Compiling package std.textio
Compiling package ieee.std_logic_1164
Compiling package ieee.numeric_std
Compiling architecture behavioral of entity xil_defaultlib.LUT_16_7 [lut_16_7_default]
Compiling architecture behavioral of entity xil_defaultlib.Slow_Clock [slow_clock_default]
Compiling architecture behavioral of entity xil_defaultlib.Reg_3bit [reg_3bit_default]
Compiling architecture behavioral of entity xil_defaultlib.HA [ha_default]
Compiling architecture behavioral of entity xil_defaultlib.FA [fa_default]
Compiling architecture behavioral of entity xil_defaultlib.Adder_3bit [adder_3bit_default]
Compiling architecture behavioral of entity xil_defaultlib.Mux_2_to_1_3bit [mux_2_to_1_3bit_default]
Compiling architecture behavioral of entity xil_defaultlib.Program_ROM [program_rom_default]
Compiling architecture behavioral of entity xil_defaultlib.Decoder_2_to_4 [decoder_2_to_4_default]
Compiling architecture behavioral of entity xil_defaultlib.Instruction_Decoder [instruction_decoder_default]
Compiling architecture behavioral of entity xil_defaultlib.Mux_2_to_1_4bit [mux_2_to_1_4bit_default]
Compiling architecture behavioral of entity xil_defaultlib.Reg_4bit [reg_4bit_default]
Compiling architecture behavioral of entity xil_defaultlib.Decoder_3_to_8 [decoder_3_to_8_default]
Compiling architecture behavioral of entity xil_defaultlib.Register_Bank [register_bank_default]
Compiling architecture behavioral of entity xil_defaultlib.Mux_8_to_1_4bit [mux_8_to_1_4bit_default]
Compiling architecture behavioral of entity xil_defaultlib.ASU_4bit [asu_4bit_default]
Compiling architecture behavioral of entity xil_defaultlib.Nano_Processor [nano_processor_default]
Compiling architecture behavioral of entity xil_defaultlib.System [system_default]
Compiling architecture behavioral of entity xil_defaultlib.system_tb
Built simulation snapshot System_TB_behav
run_program: Time (s): cpu = 00:00:00 ; elapsed = 00:00:06 . Memory (MB): peak = 896.953 ; gain = 0.000
INFO: [USF-XSim-69] 'elaborate' step finished in '6' seconds
INFO: [USF-XSim-4] XSim::Simulate design
INFO: [USF-XSim-61] Executing 'SIMULATE' step in 'E:/Xilinx/Projects/Nano Processor Final/Nano Processor Final.sim/sim_1/behav/xsim'
INFO: [USF-XSim-98] *** Running xsim
   with args "System_TB_behav -key {Behavioral:sim_1:Functional:System_TB} -tclbatch {System_TB.tcl} -log {simulate.log}"
INFO: [USF-XSim-8] Loading simulator feature
Vivado Simulator 2018.2
Time resolution is 1 ps
source System_TB.tcl
# set curr_wave [current_wave_config]
# if { [string length $curr_wave] == 0 } {
#   if { [llength [get_objects]] > 0} {
#     add_wave /
#     set_property needs_save false [current_wave_config]
#   } else {
#      send_msg_id Add_Wave-1 WARNING "No top level signals found. Simulator will start without a wave window. If you want to open a wave window go to 'File->New Waveform Configuration' or type 'create_wave_config' in the TCL console."
#   }
# }
# run 1000ns
INFO: [USF-XSim-96] XSim completed. Design snapshot 'System_TB_behav' loaded.
INFO: [USF-XSim-97] XSim simulation ran for 1000ns
launch_simulation: Time (s): cpu = 00:00:00 ; elapsed = 00:00:14 . Memory (MB): peak = 896.953 ; gain = 0.000
close_sim
INFO: [Simtcl 6-16] Simulation closed
reset_run synth_1
WARNING: [Vivado 12-1017] Problems encountered:
1. Failed to delete one or more files in run directory E:/Xilinx/Projects/Nano Processor Final/Nano Processor Final.runs/synth_1

launch_runs impl_1 -jobs 4
[Sun Jun 11 22:30:50 2023] Launched synth_1...
Run output will be captured here: E:/Xilinx/Projects/Nano Processor Final/Nano Processor Final.runs/synth_1/runme.log
[Sun Jun 11 22:30:50 2023] Launched impl_1...
Run output will be captured here: E:/Xilinx/Projects/Nano Processor Final/Nano Processor Final.runs/impl_1/runme.log
reset_run synth_1
WARNING: [Vivado 12-1017] Problems encountered:
1. Failed to delete one or more files in run directory E:/Xilinx/Projects/Nano Processor Final/Nano Processor Final.runs/synth_1

launch_runs synth_1 -jobs 4
[Sun Jun 11 22:32:30 2023] Launched synth_1...
Run output will be captured here: E:/Xilinx/Projects/Nano Processor Final/Nano Processor Final.runs/synth_1/runme.log
launch_runs impl_1 -jobs 4
[Sun Jun 11 22:33:22 2023] Launched impl_1...
Run output will be captured here: E:/Xilinx/Projects/Nano Processor Final/Nano Processor Final.runs/impl_1/runme.log
launch_simulation
INFO: [Vivado 12-5682] Launching behavioral simulation in 'E:/Xilinx/Projects/Nano Processor Final/Nano Processor Final.sim/sim_1/behav/xsim'
INFO: [SIM-utils-51] Simulation object is 'sim_1'
INFO: [SIM-utils-54] Inspecting design source files for 'System_TB' in fileset 'sim_1'...
INFO: [USF-XSim-97] Finding global include files...
INFO: [USF-XSim-98] Fetching design files from 'sim_1'...
INFO: [USF-XSim-2] XSim::Compile design
INFO: [USF-XSim-61] Executing 'COMPILE and ANALYZE' step in 'E:/Xilinx/Projects/Nano Processor Final/Nano Processor Final.sim/sim_1/behav/xsim'
"xvhdl --incr --relax -prj System_TB_vhdl.prj"
INFO: [VRFC 10-163] Analyzing VHDL file "E:/Xilinx/Projects/Nano Processor Final/Nano Processor Final.srcs/sources_1/new/Nano_Processor.vhd" into library xil_defaultlib
INFO: [VRFC 10-307] analyzing entity Nano_Processor
INFO: [VRFC 10-163] Analyzing VHDL file "E:/Xilinx/Projects/Nano Processor Final/Nano Processor Final.srcs/sources_1/new/Slow_Clock.vhd" into library xil_defaultlib
INFO: [VRFC 10-307] analyzing entity Slow_Clock
INFO: [VRFC 10-163] Analyzing VHDL file "E:/Xilinx/Projects/Nano Processor Final/Nano Processor Final.srcs/sources_1/new/System.vhd" into library xil_defaultlib
INFO: [VRFC 10-307] analyzing entity System
INFO: [USF-XSim-69] 'compile' step finished in '4' seconds
INFO: [USF-XSim-3] XSim::Elaborate design
INFO: [USF-XSim-61] Executing 'ELABORATE' step in 'E:/Xilinx/Projects/Nano Processor Final/Nano Processor Final.sim/sim_1/behav/xsim'
Vivado Simulator 2018.2
Copyright 1986-1999, 2001-2018 Xilinx, Inc. All Rights Reserved.
Running: E:/Xilinx/Vivado/2018.2/bin/unwrapped/win64.o/xelab.exe -wto 67a5dd7157414ed9814149af3173682b --incr --debug typical --relax --mt 2 -L xil_defaultlib -L secureip --snapshot System_TB_behav xil_defaultlib.System_TB -log elaborate.log 
Using 2 slave threads.
Starting static elaboration
ERROR: [VRFC 10-718] formal port <ResetPush> does not exist in entity <System>.  Please compare the definition of block <System> to its component declaration and its instantion to detect the mismatch. [E:/Xilinx/Projects/Nano Processor Final/Nano Processor Final.srcs/sim_1/new/System_TB.vhd:12]
ERROR: [VRFC 10-718] formal port <Seg7> does not exist in entity <System>.  Please compare the definition of block <System> to its component declaration and its instantion to detect the mismatch. [E:/Xilinx/Projects/Nano Processor Final/Nano Processor Final.srcs/sim_1/new/System_TB.vhd:13]
ERROR: [VRFC 10-718] formal port <Reg7> does not exist in entity <System>.  Please compare the definition of block <System> to its component declaration and its instantion to detect the mismatch. [E:/Xilinx/Projects/Nano Processor Final/Nano Processor Final.srcs/sim_1/new/System_TB.vhd:15]
ERROR: [XSIM 43-3321] Static elaboration of top level VHDL design unit system_tb in library work failed.
INFO: [USF-XSim-69] 'elaborate' step finished in '4' seconds
INFO: [USF-XSim-99] Step results log file:'E:/Xilinx/Projects/Nano Processor Final/Nano Processor Final.sim/sim_1/behav/xsim/elaborate.log'
ERROR: [USF-XSim-62] 'elaborate' step failed with error(s). Please check the Tcl console output or 'E:/Xilinx/Projects/Nano Processor Final/Nano Processor Final.sim/sim_1/behav/xsim/elaborate.log' file for more information.
ERROR: [Vivado 12-4473] Detected error while running simulation. Please correct the issue and retry this operation.
launch_simulation: Time (s): cpu = 00:00:00 ; elapsed = 00:00:09 . Memory (MB): peak = 903.648 ; gain = 4.715
ERROR: [Common 17-39] 'launch_simulation' failed due to earlier errors.
launch_simulation
INFO: [Vivado 12-5682] Launching behavioral simulation in 'E:/Xilinx/Projects/Nano Processor Final/Nano Processor Final.sim/sim_1/behav/xsim'
INFO: [SIM-utils-51] Simulation object is 'sim_1'
INFO: [SIM-utils-54] Inspecting design source files for 'System_TB' in fileset 'sim_1'...
INFO: [USF-XSim-97] Finding global include files...
INFO: [USF-XSim-98] Fetching design files from 'sim_1'...
INFO: [USF-XSim-2] XSim::Compile design
INFO: [USF-XSim-61] Executing 'COMPILE and ANALYZE' step in 'E:/Xilinx/Projects/Nano Processor Final/Nano Processor Final.sim/sim_1/behav/xsim'
"xvhdl --incr --relax -prj System_TB_vhdl.prj"
INFO: [USF-XSim-69] 'compile' step finished in '3' seconds
INFO: [USF-XSim-3] XSim::Elaborate design
INFO: [USF-XSim-61] Executing 'ELABORATE' step in 'E:/Xilinx/Projects/Nano Processor Final/Nano Processor Final.sim/sim_1/behav/xsim'
Vivado Simulator 2018.2
Copyright 1986-1999, 2001-2018 Xilinx, Inc. All Rights Reserved.
Running: E:/Xilinx/Vivado/2018.2/bin/unwrapped/win64.o/xelab.exe -wto 67a5dd7157414ed9814149af3173682b --incr --debug typical --relax --mt 2 -L xil_defaultlib -L secureip --snapshot System_TB_behav xil_defaultlib.System_TB -log elaborate.log 
Using 2 slave threads.
Starting static elaboration
ERROR: [VRFC 10-718] formal port <ResetPush> does not exist in entity <System>.  Please compare the definition of block <System> to its component declaration and its instantion to detect the mismatch. [E:/Xilinx/Projects/Nano Processor Final/Nano Processor Final.srcs/sim_1/new/System_TB.vhd:12]
ERROR: [VRFC 10-718] formal port <Seg7> does not exist in entity <System>.  Please compare the definition of block <System> to its component declaration and its instantion to detect the mismatch. [E:/Xilinx/Projects/Nano Processor Final/Nano Processor Final.srcs/sim_1/new/System_TB.vhd:13]
ERROR: [VRFC 10-718] formal port <Reg7> does not exist in entity <System>.  Please compare the definition of block <System> to its component declaration and its instantion to detect the mismatch. [E:/Xilinx/Projects/Nano Processor Final/Nano Processor Final.srcs/sim_1/new/System_TB.vhd:15]
ERROR: [XSIM 43-3321] Static elaboration of top level VHDL design unit system_tb in library work failed.
INFO: [USF-XSim-69] 'elaborate' step finished in '2' seconds
INFO: [USF-XSim-99] Step results log file:'E:/Xilinx/Projects/Nano Processor Final/Nano Processor Final.sim/sim_1/behav/xsim/elaborate.log'
ERROR: [USF-XSim-62] 'elaborate' step failed with error(s). Please check the Tcl console output or 'E:/Xilinx/Projects/Nano Processor Final/Nano Processor Final.sim/sim_1/behav/xsim/elaborate.log' file for more information.
ERROR: [Vivado 12-4473] Detected error while running simulation. Please correct the issue and retry this operation.
ERROR: [Common 17-39] 'launch_simulation' failed due to earlier errors.
launch_simulation
INFO: [Vivado 12-5682] Launching behavioral simulation in 'E:/Xilinx/Projects/Nano Processor Final/Nano Processor Final.sim/sim_1/behav/xsim'
INFO: [SIM-utils-51] Simulation object is 'sim_1'
INFO: [SIM-utils-54] Inspecting design source files for 'System_TB' in fileset 'sim_1'...
INFO: [USF-XSim-97] Finding global include files...
INFO: [USF-XSim-98] Fetching design files from 'sim_1'...
INFO: [USF-XSim-2] XSim::Compile design
INFO: [USF-XSim-61] Executing 'COMPILE and ANALYZE' step in 'E:/Xilinx/Projects/Nano Processor Final/Nano Processor Final.sim/sim_1/behav/xsim'
"xvhdl --incr --relax -prj System_TB_vhdl.prj"
INFO: [USF-XSim-69] 'compile' step finished in '2' seconds
INFO: [USF-XSim-3] XSim::Elaborate design
INFO: [USF-XSim-61] Executing 'ELABORATE' step in 'E:/Xilinx/Projects/Nano Processor Final/Nano Processor Final.sim/sim_1/behav/xsim'
Vivado Simulator 2018.2
Copyright 1986-1999, 2001-2018 Xilinx, Inc. All Rights Reserved.
Running: E:/Xilinx/Vivado/2018.2/bin/unwrapped/win64.o/xelab.exe -wto 67a5dd7157414ed9814149af3173682b --incr --debug typical --relax --mt 2 -L xil_defaultlib -L secureip --snapshot System_TB_behav xil_defaultlib.System_TB -log elaborate.log 
Using 2 slave threads.
Starting static elaboration
ERROR: [VRFC 10-718] formal port <ResetPush> does not exist in entity <System>.  Please compare the definition of block <System> to its component declaration and its instantion to detect the mismatch. [E:/Xilinx/Projects/Nano Processor Final/Nano Processor Final.srcs/sim_1/new/System_TB.vhd:12]
ERROR: [VRFC 10-718] formal port <Seg7> does not exist in entity <System>.  Please compare the definition of block <System> to its component declaration and its instantion to detect the mismatch. [E:/Xilinx/Projects/Nano Processor Final/Nano Processor Final.srcs/sim_1/new/System_TB.vhd:13]
ERROR: [VRFC 10-718] formal port <Reg7> does not exist in entity <System>.  Please compare the definition of block <System> to its component declaration and its instantion to detect the mismatch. [E:/Xilinx/Projects/Nano Processor Final/Nano Processor Final.srcs/sim_1/new/System_TB.vhd:15]
ERROR: [XSIM 43-3321] Static elaboration of top level VHDL design unit system_tb in library work failed.
INFO: [USF-XSim-69] 'elaborate' step finished in '3' seconds
INFO: [USF-XSim-99] Step results log file:'E:/Xilinx/Projects/Nano Processor Final/Nano Processor Final.sim/sim_1/behav/xsim/elaborate.log'
ERROR: [USF-XSim-62] 'elaborate' step failed with error(s). Please check the Tcl console output or 'E:/Xilinx/Projects/Nano Processor Final/Nano Processor Final.sim/sim_1/behav/xsim/elaborate.log' file for more information.
ERROR: [Vivado 12-4473] Detected error while running simulation. Please correct the issue and retry this operation.
launch_simulation: Time (s): cpu = 00:00:00 ; elapsed = 00:00:05 . Memory (MB): peak = 906.785 ; gain = 0.000
ERROR: [Common 17-39] 'launch_simulation' failed due to earlier errors.
reset_run synth_1
WARNING: [Vivado 12-1017] Problems encountered:
1. Failed to delete one or more files in run directory E:/Xilinx/Projects/Nano Processor Final/Nano Processor Final.runs/synth_1

launch_runs impl_1 -jobs 4
[Sun Jun 11 22:41:13 2023] Launched synth_1...
Run output will be captured here: E:/Xilinx/Projects/Nano Processor Final/Nano Processor Final.runs/synth_1/runme.log
[Sun Jun 11 22:41:13 2023] Launched impl_1...
Run output will be captured here: E:/Xilinx/Projects/Nano Processor Final/Nano Processor Final.runs/impl_1/runme.log
reset_run synth_1
WARNING: [Vivado 12-1017] Problems encountered:
1. Failed to delete one or more files in run directory E:/Xilinx/Projects/Nano Processor Final/Nano Processor Final.runs/synth_1

launch_runs synth_1 -jobs 4
[Sun Jun 11 22:44:18 2023] Launched synth_1...
Run output will be captured here: E:/Xilinx/Projects/Nano Processor Final/Nano Processor Final.runs/synth_1/runme.log
launch_runs impl_1 -jobs 4
[Sun Jun 11 22:48:32 2023] Launched impl_1...
Run output will be captured here: E:/Xilinx/Projects/Nano Processor Final/Nano Processor Final.runs/impl_1/runme.log
launch_simulation
INFO: [Vivado 12-5682] Launching behavioral simulation in 'E:/Xilinx/Projects/Nano Processor Final/Nano Processor Final.sim/sim_1/behav/xsim'
INFO: [SIM-utils-51] Simulation object is 'sim_1'
INFO: [SIM-utils-54] Inspecting design source files for 'System_TB' in fileset 'sim_1'...
INFO: [USF-XSim-97] Finding global include files...
INFO: [USF-XSim-98] Fetching design files from 'sim_1'...
INFO: [USF-XSim-2] XSim::Compile design
INFO: [USF-XSim-61] Executing 'COMPILE and ANALYZE' step in 'E:/Xilinx/Projects/Nano Processor Final/Nano Processor Final.sim/sim_1/behav/xsim'
"xvhdl --incr --relax -prj System_TB_vhdl.prj"
INFO: [VRFC 10-163] Analyzing VHDL file "E:/Xilinx/Projects/Nano Processor Final/Nano Processor Final.srcs/sim_1/new/System_TB.vhd" into library xil_defaultlib
INFO: [VRFC 10-307] analyzing entity System_TB
run_program: Time (s): cpu = 00:00:00 ; elapsed = 00:00:05 . Memory (MB): peak = 912.555 ; gain = 0.000
INFO: [USF-XSim-69] 'compile' step finished in '5' seconds
INFO: [USF-XSim-3] XSim::Elaborate design
INFO: [USF-XSim-61] Executing 'ELABORATE' step in 'E:/Xilinx/Projects/Nano Processor Final/Nano Processor Final.sim/sim_1/behav/xsim'
Vivado Simulator 2018.2
Copyright 1986-1999, 2001-2018 Xilinx, Inc. All Rights Reserved.
Running: E:/Xilinx/Vivado/2018.2/bin/unwrapped/win64.o/xelab.exe -wto 67a5dd7157414ed9814149af3173682b --incr --debug typical --relax --mt 2 -L xil_defaultlib -L secureip --snapshot System_TB_behav xil_defaultlib.System_TB -log elaborate.log 
Using 2 slave threads.
Starting static elaboration
Completed static elaboration
Starting simulation data flow analysis
Completed simulation data flow analysis
Time Resolution for simulation is 1ps
Compiling package std.standard
Compiling package std.textio
Compiling package ieee.std_logic_1164
Compiling package ieee.numeric_std
Compiling architecture behavioral of entity xil_defaultlib.LUT_16_7 [lut_16_7_default]
Compiling architecture behavioral of entity xil_defaultlib.Slow_Clock [slow_clock_default]
Compiling architecture behavioral of entity xil_defaultlib.Reg_3bit [reg_3bit_default]
Compiling architecture behavioral of entity xil_defaultlib.HA [ha_default]
Compiling architecture behavioral of entity xil_defaultlib.FA [fa_default]
Compiling architecture behavioral of entity xil_defaultlib.Adder_3bit [adder_3bit_default]
Compiling architecture behavioral of entity xil_defaultlib.Mux_2_to_1_3bit [mux_2_to_1_3bit_default]
Compiling architecture behavioral of entity xil_defaultlib.Program_ROM [program_rom_default]
Compiling architecture behavioral of entity xil_defaultlib.Decoder_2_to_4 [decoder_2_to_4_default]
Compiling architecture behavioral of entity xil_defaultlib.Instruction_Decoder [instruction_decoder_default]
Compiling architecture behavioral of entity xil_defaultlib.Mux_2_to_1_4bit [mux_2_to_1_4bit_default]
Compiling architecture behavioral of entity xil_defaultlib.Reg_4bit [reg_4bit_default]
Compiling architecture behavioral of entity xil_defaultlib.Decoder_3_to_8 [decoder_3_to_8_default]
Compiling architecture behavioral of entity xil_defaultlib.Register_Bank [register_bank_default]
Compiling architecture behavioral of entity xil_defaultlib.Mux_8_to_1_4bit [mux_8_to_1_4bit_default]
Compiling architecture behavioral of entity xil_defaultlib.ASU_4bit [asu_4bit_default]
Compiling architecture behavioral of entity xil_defaultlib.Nano_Processor [nano_processor_default]
Compiling architecture behavioral of entity xil_defaultlib.System [system_default]
Compiling architecture behavioral of entity xil_defaultlib.system_tb
Built simulation snapshot System_TB_behav
run_program: Time (s): cpu = 00:00:00 ; elapsed = 00:00:07 . Memory (MB): peak = 912.555 ; gain = 0.000
INFO: [USF-XSim-69] 'elaborate' step finished in '7' seconds
INFO: [USF-XSim-4] XSim::Simulate design
INFO: [USF-XSim-61] Executing 'SIMULATE' step in 'E:/Xilinx/Projects/Nano Processor Final/Nano Processor Final.sim/sim_1/behav/xsim'
INFO: [USF-XSim-98] *** Running xsim
   with args "System_TB_behav -key {Behavioral:sim_1:Functional:System_TB} -tclbatch {System_TB.tcl} -log {simulate.log}"
INFO: [USF-XSim-8] Loading simulator feature
Vivado Simulator 2018.2
Time resolution is 1 ps
source System_TB.tcl
# set curr_wave [current_wave_config]
# if { [string length $curr_wave] == 0 } {
#   if { [llength [get_objects]] > 0} {
#     add_wave /
#     set_property needs_save false [current_wave_config]
#   } else {
#      send_msg_id Add_Wave-1 WARNING "No top level signals found. Simulator will start without a wave window. If you want to open a wave window go to 'File->New Waveform Configuration' or type 'create_wave_config' in the TCL console."
#   }
# }
# run 1000ns
INFO: [USF-XSim-96] XSim completed. Design snapshot 'System_TB_behav' loaded.
INFO: [USF-XSim-97] XSim simulation ran for 1000ns
launch_simulation: Time (s): cpu = 00:00:02 ; elapsed = 00:00:18 . Memory (MB): peak = 917.219 ; gain = 4.664
set_property SOURCE_SET sources_1 [get_filesets sim_1]
close [ open {E:/Xilinx/Projects/Nano Processor Final/Nano Processor Final.srcs/sim_1/new/Nano_Processor_TB.vhd} w ]
add_files -fileset sim_1 {{E:/Xilinx/Projects/Nano Processor Final/Nano Processor Final.srcs/sim_1/new/Nano_Processor_TB.vhd}}
update_compile_order -fileset sim_1
set_property top Nano_Processor_TB [get_filesets sim_1]
set_property top_lib xil_defaultlib [get_filesets sim_1]
set_property top Nano_Processor [current_fileset]
update_compile_order -fileset sim_1
update_compile_order -fileset sources_1
launch_simulation
INFO: [Vivado 12-5682] Launching behavioral simulation in 'E:/Xilinx/Projects/Nano Processor Final/Nano Processor Final.sim/sim_1/behav/xsim'
INFO: [SIM-utils-51] Simulation object is 'sim_1'
INFO: [SIM-utils-54] Inspecting design source files for 'Nano_Processor_TB' in fileset 'sim_1'...
INFO: [USF-XSim-97] Finding global include files...
INFO: [USF-XSim-98] Fetching design files from 'sim_1'...
INFO: [USF-XSim-2] XSim::Compile design
INFO: [USF-XSim-61] Executing 'COMPILE and ANALYZE' step in 'E:/Xilinx/Projects/Nano Processor Final/Nano Processor Final.sim/sim_1/behav/xsim'
"xvhdl --incr --relax -prj Nano_Processor_TB_vhdl.prj"
INFO: [VRFC 10-163] Analyzing VHDL file "E:/Xilinx/Projects/Nano Processor Final/Nano Processor Final.srcs/sim_1/new/Nano_Processor_TB.vhd" into library xil_defaultlib
INFO: [VRFC 10-307] analyzing entity Nano_Processor_TB
INFO: [USF-XSim-69] 'compile' step finished in '4' seconds
INFO: [USF-XSim-3] XSim::Elaborate design
INFO: [USF-XSim-61] Executing 'ELABORATE' step in 'E:/Xilinx/Projects/Nano Processor Final/Nano Processor Final.sim/sim_1/behav/xsim'
Vivado Simulator 2018.2
Copyright 1986-1999, 2001-2018 Xilinx, Inc. All Rights Reserved.
Running: E:/Xilinx/Vivado/2018.2/bin/unwrapped/win64.o/xelab.exe -wto 67a5dd7157414ed9814149af3173682b --incr --debug typical --relax --mt 2 -L xil_defaultlib -L secureip --snapshot Nano_Processor_TB_behav xil_defaultlib.Nano_Processor_TB -log elaborate.log 
Using 2 slave threads.
Starting static elaboration
WARNING: [VRFC 10-122] nanoprocessor remains a black-box since it has no binding entity [E:/Xilinx/Projects/Nano Processor Final/Nano Processor Final.srcs/sim_1/new/Nano_Processor_TB.vhd:29]
Completed static elaboration
Starting simulation data flow analysis
Completed simulation data flow analysis
Time Resolution for simulation is 1ps
Compiling package std.standard
Compiling package std.textio
Compiling package ieee.std_logic_1164
Compiling architecture behavioral of entity xil_defaultlib.nano_processor_tb
Built simulation snapshot Nano_Processor_TB_behav

****** Webtalk v2018.2 (64-bit)
  **** SW Build 2258646 on Thu Jun 14 20:03:12 MDT 2018
  **** IP Build 2256618 on Thu Jun 14 22:10:49 MDT 2018
    ** Copyright 1986-2018 Xilinx, Inc. All Rights Reserved.

source E:/Xilinx/Projects/Nano -notrace
couldn't read file "E:/Xilinx/Projects/Nano": permission denied
INFO: [Common 17-206] Exiting Webtalk at Sun Jun 11 23:10:03 2023...
run_program: Time (s): cpu = 00:00:00 ; elapsed = 00:00:08 . Memory (MB): peak = 923.973 ; gain = 0.000
INFO: [USF-XSim-69] 'elaborate' step finished in '8' seconds
INFO: [USF-XSim-4] XSim::Simulate design
INFO: [USF-XSim-61] Executing 'SIMULATE' step in 'E:/Xilinx/Projects/Nano Processor Final/Nano Processor Final.sim/sim_1/behav/xsim'
INFO: [USF-XSim-98] *** Running xsim
   with args "Nano_Processor_TB_behav -key {Behavioral:sim_1:Functional:Nano_Processor_TB} -tclbatch {Nano_Processor_TB.tcl} -log {simulate.log}"
INFO: [USF-XSim-8] Loading simulator feature
Vivado Simulator 2018.2
Time resolution is 1 ps
source Nano_Processor_TB.tcl
# set curr_wave [current_wave_config]
# if { [string length $curr_wave] == 0 } {
#   if { [llength [get_objects]] > 0} {
#     add_wave /
#     set_property needs_save false [current_wave_config]
#   } else {
#      send_msg_id Add_Wave-1 WARNING "No top level signals found. Simulator will start without a wave window. If you want to open a wave window go to 'File->New Waveform Configuration' or type 'create_wave_config' in the TCL console."
#   }
# }
# run 1000ns
INFO: [USF-XSim-96] XSim completed. Design snapshot 'Nano_Processor_TB_behav' loaded.
INFO: [USF-XSim-97] XSim simulation ran for 1000ns
launch_simulation: Time (s): cpu = 00:00:00 ; elapsed = 00:00:16 . Memory (MB): peak = 930.168 ; gain = 6.195
close_sim
INFO: [Simtcl 6-16] Simulation closed
launch_simulation
INFO: [Vivado 12-5682] Launching behavioral simulation in 'E:/Xilinx/Projects/Nano Processor Final/Nano Processor Final.sim/sim_1/behav/xsim'
INFO: [SIM-utils-51] Simulation object is 'sim_1'
INFO: [SIM-utils-54] Inspecting design source files for 'Nano_Processor_TB' in fileset 'sim_1'...
INFO: [USF-XSim-97] Finding global include files...
INFO: [USF-XSim-98] Fetching design files from 'sim_1'...
INFO: [USF-XSim-2] XSim::Compile design
INFO: [USF-XSim-61] Executing 'COMPILE and ANALYZE' step in 'E:/Xilinx/Projects/Nano Processor Final/Nano Processor Final.sim/sim_1/behav/xsim'
"xvhdl --incr --relax -prj Nano_Processor_TB_vhdl.prj"
INFO: [VRFC 10-163] Analyzing VHDL file "E:/Xilinx/Projects/Nano Processor Final/Nano Processor Final.srcs/sim_1/new/Nano_Processor_TB.vhd" into library xil_defaultlib
INFO: [VRFC 10-307] analyzing entity Nano_Processor_TB
INFO: [USF-XSim-69] 'compile' step finished in '2' seconds
INFO: [USF-XSim-3] XSim::Elaborate design
INFO: [USF-XSim-61] Executing 'ELABORATE' step in 'E:/Xilinx/Projects/Nano Processor Final/Nano Processor Final.sim/sim_1/behav/xsim'
Vivado Simulator 2018.2
Copyright 1986-1999, 2001-2018 Xilinx, Inc. All Rights Reserved.
Running: E:/Xilinx/Vivado/2018.2/bin/unwrapped/win64.o/xelab.exe -wto 67a5dd7157414ed9814149af3173682b --incr --debug typical --relax --mt 2 -L xil_defaultlib -L secureip --snapshot Nano_Processor_TB_behav xil_defaultlib.Nano_Processor_TB -log elaborate.log 
Using 2 slave threads.
Starting static elaboration
WARNING: [VRFC 10-122] nanoprocessor remains a black-box since it has no binding entity [E:/Xilinx/Projects/Nano Processor Final/Nano Processor Final.srcs/sim_1/new/Nano_Processor_TB.vhd:26]
Completed static elaboration
Starting simulation data flow analysis
Completed simulation data flow analysis
Time Resolution for simulation is 1ps
Compiling package std.standard
Compiling package std.textio
Compiling package ieee.std_logic_1164
Compiling architecture behavioral of entity xil_defaultlib.nano_processor_tb
Built simulation snapshot Nano_Processor_TB_behav
run_program: Time (s): cpu = 00:00:00 ; elapsed = 00:00:07 . Memory (MB): peak = 933.984 ; gain = 0.000
INFO: [USF-XSim-69] 'elaborate' step finished in '8' seconds
INFO: [USF-XSim-4] XSim::Simulate design
INFO: [USF-XSim-61] Executing 'SIMULATE' step in 'E:/Xilinx/Projects/Nano Processor Final/Nano Processor Final.sim/sim_1/behav/xsim'
INFO: [USF-XSim-98] *** Running xsim
   with args "Nano_Processor_TB_behav -key {Behavioral:sim_1:Functional:Nano_Processor_TB} -tclbatch {Nano_Processor_TB.tcl} -log {simulate.log}"
INFO: [USF-XSim-8] Loading simulator feature
Vivado Simulator 2018.2
Time resolution is 1 ps
source Nano_Processor_TB.tcl
# set curr_wave [current_wave_config]
# if { [string length $curr_wave] == 0 } {
#   if { [llength [get_objects]] > 0} {
#     add_wave /
#     set_property needs_save false [current_wave_config]
#   } else {
#      send_msg_id Add_Wave-1 WARNING "No top level signals found. Simulator will start without a wave window. If you want to open a wave window go to 'File->New Waveform Configuration' or type 'create_wave_config' in the TCL console."
#   }
# }
# run 1000ns
INFO: [USF-XSim-96] XSim completed. Design snapshot 'Nano_Processor_TB_behav' loaded.
INFO: [USF-XSim-97] XSim simulation ran for 1000ns
launch_simulation: Time (s): cpu = 00:00:00 ; elapsed = 00:00:13 . Memory (MB): peak = 933.984 ; gain = 0.000
set_property SOURCE_SET sources_1 [get_filesets sim_1]
close [ open {E:/Xilinx/Projects/Nano Processor Final/Nano Processor Final.srcs/sim_1/new/Instruction_Decoder_TB.vhd} w ]
add_files -fileset sim_1 {{E:/Xilinx/Projects/Nano Processor Final/Nano Processor Final.srcs/sim_1/new/Instruction_Decoder_TB.vhd}}
close_sim
INFO: [Simtcl 6-16] Simulation closed
update_compile_order -fileset sim_1
set_property top Instruction_Decoder [current_fileset]
set_property top InstructionDecoderNew_sim [get_filesets sim_1]
set_property top_lib xil_defaultlib [get_filesets sim_1]
update_compile_order -fileset sources_1
update_compile_order -fileset sim_1
set_property top Instruction_Decoder_TB [get_filesets sim_1]
set_property top_lib xil_defaultlib [get_filesets sim_1]
update_compile_order -fileset sim_1
launch_simulation
INFO: [Vivado 12-5682] Launching behavioral simulation in 'E:/Xilinx/Projects/Nano Processor Final/Nano Processor Final.sim/sim_1/behav/xsim'
INFO: [SIM-utils-51] Simulation object is 'sim_1'
INFO: [SIM-utils-54] Inspecting design source files for 'Instruction_Decoder_TB' in fileset 'sim_1'...
INFO: [USF-XSim-97] Finding global include files...
INFO: [USF-XSim-98] Fetching design files from 'sim_1'...
INFO: [USF-XSim-2] XSim::Compile design
INFO: [USF-XSim-61] Executing 'COMPILE and ANALYZE' step in 'E:/Xilinx/Projects/Nano Processor Final/Nano Processor Final.sim/sim_1/behav/xsim'
"xvhdl --incr --relax -prj Instruction_Decoder_TB_vhdl.prj"
INFO: [VRFC 10-163] Analyzing VHDL file "E:/Xilinx/Projects/Nano Processor Final/Nano Processor Final.srcs/sources_1/new/Instruction_Decoder.vhd" into library xil_defaultlib
INFO: [VRFC 10-307] analyzing entity Instruction_Decoder
INFO: [VRFC 10-163] Analyzing VHDL file "E:/Xilinx/Projects/Nano Processor Final/Nano Processor Final.srcs/sim_1/new/Instruction_Decoder_TB.vhd" into library xil_defaultlib
INFO: [VRFC 10-307] analyzing entity Instruction_Decoder_TB
INFO: [USF-XSim-69] 'compile' step finished in '4' seconds
INFO: [USF-XSim-3] XSim::Elaborate design
INFO: [USF-XSim-61] Executing 'ELABORATE' step in 'E:/Xilinx/Projects/Nano Processor Final/Nano Processor Final.sim/sim_1/behav/xsim'
Vivado Simulator 2018.2
Copyright 1986-1999, 2001-2018 Xilinx, Inc. All Rights Reserved.
Running: E:/Xilinx/Vivado/2018.2/bin/unwrapped/win64.o/xelab.exe -wto 67a5dd7157414ed9814149af3173682b --incr --debug typical --relax --mt 2 -L xil_defaultlib -L secureip --snapshot Instruction_Decoder_TB_behav xil_defaultlib.Instruction_Decoder_TB -log elaborate.log 
Using 2 slave threads.
Starting static elaboration
Completed static elaboration
Starting simulation data flow analysis
Completed simulation data flow analysis
Time Resolution for simulation is 1ps
Compiling package std.standard
Compiling package std.textio
Compiling package ieee.std_logic_1164
Compiling architecture behavioral of entity xil_defaultlib.Decoder_2_to_4 [decoder_2_to_4_default]
Compiling architecture behavioral of entity xil_defaultlib.Instruction_Decoder [instruction_decoder_default]
Compiling architecture behavioral of entity xil_defaultlib.instruction_decoder_tb
Built simulation snapshot Instruction_Decoder_TB_behav

****** Webtalk v2018.2 (64-bit)
  **** SW Build 2258646 on Thu Jun 14 20:03:12 MDT 2018
  **** IP Build 2256618 on Thu Jun 14 22:10:49 MDT 2018
    ** Copyright 1986-2018 Xilinx, Inc. All Rights Reserved.

source E:/Xilinx/Projects/Nano -notrace
couldn't read file "E:/Xilinx/Projects/Nano": permission denied
INFO: [Common 17-206] Exiting Webtalk at Sun Jun 11 23:22:27 2023...
run_program: Time (s): cpu = 00:00:00 ; elapsed = 00:00:10 . Memory (MB): peak = 933.984 ; gain = 0.000
INFO: [USF-XSim-69] 'elaborate' step finished in '10' seconds
INFO: [USF-XSim-4] XSim::Simulate design
INFO: [USF-XSim-61] Executing 'SIMULATE' step in 'E:/Xilinx/Projects/Nano Processor Final/Nano Processor Final.sim/sim_1/behav/xsim'
INFO: [USF-XSim-98] *** Running xsim
   with args "Instruction_Decoder_TB_behav -key {Behavioral:sim_1:Functional:Instruction_Decoder_TB} -tclbatch {Instruction_Decoder_TB.tcl} -log {simulate.log}"
INFO: [USF-XSim-8] Loading simulator feature
Vivado Simulator 2018.2
Time resolution is 1 ps
source Instruction_Decoder_TB.tcl
# set curr_wave [current_wave_config]
# if { [string length $curr_wave] == 0 } {
#   if { [llength [get_objects]] > 0} {
#     add_wave /
#     set_property needs_save false [current_wave_config]
#   } else {
#      send_msg_id Add_Wave-1 WARNING "No top level signals found. Simulator will start without a wave window. If you want to open a wave window go to 'File->New Waveform Configuration' or type 'create_wave_config' in the TCL console."
#   }
# }
# run 1000ns
INFO: [USF-XSim-96] XSim completed. Design snapshot 'Instruction_Decoder_TB_behav' loaded.
INFO: [USF-XSim-97] XSim simulation ran for 1000ns
launch_simulation: Time (s): cpu = 00:00:01 ; elapsed = 00:00:17 . Memory (MB): peak = 933.984 ; gain = 0.000
set_property SOURCE_SET sources_1 [get_filesets sim_1]
close [ open {E:/Xilinx/Projects/Nano Processor Final/Nano Processor Final.srcs/sim_1/new/Program_ROM_TB.vhd} w ]
add_files -fileset sim_1 {{E:/Xilinx/Projects/Nano Processor Final/Nano Processor Final.srcs/sim_1/new/Program_ROM_TB.vhd}}
update_compile_order -fileset sim_1
current_sim simulation_5
close_sim
INFO: [Simtcl 6-16] Simulation closed
export_ip_user_files -of_objects  [get_files {{E:/Xilinx/Projects/Nano Processor Final/Nano Processor Final.srcs/sim_1/new/Program_ROM_TB.vhd}}] -no_script -reset -force -quiet
remove_files  -fileset sim_1 {{E:/Xilinx/Projects/Nano Processor Final/Nano Processor Final.srcs/sim_1/new/Program_ROM_TB.vhd}}
file delete -force {E:/Xilinx/Projects/Nano Processor Final/Nano Processor Final.srcs/sim_1/new/Program_ROM_TB.vhd}
set_property SOURCE_SET sources_1 [get_filesets sim_1]
close [ open {E:/Xilinx/Projects/Nano Processor Final/Nano Processor Final.srcs/sim_1/new/Register_Bank_TB.vhd} w ]
add_files -fileset sim_1 {{E:/Xilinx/Projects/Nano Processor Final/Nano Processor Final.srcs/sim_1/new/Register_Bank_TB.vhd}}
update_compile_order -fileset sim_1
set_property top Register_Bank_TB [get_filesets sim_1]
set_property top_lib xil_defaultlib [get_filesets sim_1]
set_property top Register_Bank [current_fileset]
update_compile_order -fileset sources_1
update_compile_order -fileset sim_1
launch_simulation
INFO: [Vivado 12-5682] Launching behavioral simulation in 'E:/Xilinx/Projects/Nano Processor Final/Nano Processor Final.sim/sim_1/behav/xsim'
INFO: [SIM-utils-51] Simulation object is 'sim_1'
INFO: [SIM-utils-54] Inspecting design source files for 'Register_Bank_TB' in fileset 'sim_1'...
INFO: [USF-XSim-97] Finding global include files...
INFO: [USF-XSim-98] Fetching design files from 'sim_1'...
INFO: [USF-XSim-2] XSim::Compile design
INFO: [USF-XSim-61] Executing 'COMPILE and ANALYZE' step in 'E:/Xilinx/Projects/Nano Processor Final/Nano Processor Final.sim/sim_1/behav/xsim'
"xvhdl --incr --relax -prj Register_Bank_TB_vhdl.prj"
INFO: [VRFC 10-163] Analyzing VHDL file "E:/Xilinx/Projects/Nano Processor Final/Nano Processor Final.srcs/sim_1/new/Register_Bank_TB.vhd" into library xil_defaultlib
INFO: [VRFC 10-307] analyzing entity Register_Bank_TB
INFO: [USF-XSim-69] 'compile' step finished in '4' seconds
INFO: [USF-XSim-3] XSim::Elaborate design
INFO: [USF-XSim-61] Executing 'ELABORATE' step in 'E:/Xilinx/Projects/Nano Processor Final/Nano Processor Final.sim/sim_1/behav/xsim'
Vivado Simulator 2018.2
Copyright 1986-1999, 2001-2018 Xilinx, Inc. All Rights Reserved.
Running: E:/Xilinx/Vivado/2018.2/bin/unwrapped/win64.o/xelab.exe -wto 67a5dd7157414ed9814149af3173682b --incr --debug typical --relax --mt 2 -L xil_defaultlib -L secureip --snapshot Register_Bank_TB_behav xil_defaultlib.Register_Bank_TB -log elaborate.log 
Using 2 slave threads.
Starting static elaboration
ERROR: [VRFC 10-718] formal port <Output> does not exist in entity <Register_Bank>.  Please compare the definition of block <Register_Bank> to its component declaration and its instantion to detect the mismatch. [E:/Xilinx/Projects/Nano Processor Final/Nano Processor Final.srcs/sim_1/new/Register_Bank_TB.vhd:14]
ERROR: [XSIM 43-3321] Static elaboration of top level VHDL design unit register_bank_tb in library work failed.
INFO: [USF-XSim-69] 'elaborate' step finished in '3' seconds
INFO: [USF-XSim-99] Step results log file:'E:/Xilinx/Projects/Nano Processor Final/Nano Processor Final.sim/sim_1/behav/xsim/elaborate.log'
ERROR: [USF-XSim-62] 'elaborate' step failed with error(s). Please check the Tcl console output or 'E:/Xilinx/Projects/Nano Processor Final/Nano Processor Final.sim/sim_1/behav/xsim/elaborate.log' file for more information.
ERROR: [Vivado 12-4473] Detected error while running simulation. Please correct the issue and retry this operation.
launch_simulation: Time (s): cpu = 00:00:00 ; elapsed = 00:00:07 . Memory (MB): peak = 935.578 ; gain = 0.000
ERROR: [Common 17-39] 'launch_simulation' failed due to earlier errors.
launch_simulation
INFO: [Vivado 12-5682] Launching behavioral simulation in 'E:/Xilinx/Projects/Nano Processor Final/Nano Processor Final.sim/sim_1/behav/xsim'
INFO: [SIM-utils-51] Simulation object is 'sim_1'
INFO: [SIM-utils-54] Inspecting design source files for 'Register_Bank_TB' in fileset 'sim_1'...
INFO: [USF-XSim-97] Finding global include files...
INFO: [USF-XSim-98] Fetching design files from 'sim_1'...
INFO: [USF-XSim-2] XSim::Compile design
INFO: [USF-XSim-61] Executing 'COMPILE and ANALYZE' step in 'E:/Xilinx/Projects/Nano Processor Final/Nano Processor Final.sim/sim_1/behav/xsim'
"xvhdl --incr --relax -prj Register_Bank_TB_vhdl.prj"
INFO: [VRFC 10-163] Analyzing VHDL file "E:/Xilinx/Projects/Nano Processor Final/Nano Processor Final.srcs/sim_1/new/Register_Bank_TB.vhd" into library xil_defaultlib
INFO: [VRFC 10-307] analyzing entity Register_Bank_TB
INFO: [USF-XSim-69] 'compile' step finished in '1' seconds
INFO: [USF-XSim-3] XSim::Elaborate design
INFO: [USF-XSim-61] Executing 'ELABORATE' step in 'E:/Xilinx/Projects/Nano Processor Final/Nano Processor Final.sim/sim_1/behav/xsim'
Vivado Simulator 2018.2
Copyright 1986-1999, 2001-2018 Xilinx, Inc. All Rights Reserved.
Running: E:/Xilinx/Vivado/2018.2/bin/unwrapped/win64.o/xelab.exe -wto 67a5dd7157414ed9814149af3173682b --incr --debug typical --relax --mt 2 -L xil_defaultlib -L secureip --snapshot Register_Bank_TB_behav xil_defaultlib.Register_Bank_TB -log elaborate.log 
Using 2 slave threads.
Starting static elaboration
Completed static elaboration
Starting simulation data flow analysis
Completed simulation data flow analysis
Time Resolution for simulation is 1ps
Compiling package std.standard
Compiling package std.textio
Compiling package ieee.std_logic_1164
Compiling architecture behavioral of entity xil_defaultlib.Reg_4bit [reg_4bit_default]
Compiling architecture behavioral of entity xil_defaultlib.Decoder_2_to_4 [decoder_2_to_4_default]
Compiling architecture behavioral of entity xil_defaultlib.Decoder_3_to_8 [decoder_3_to_8_default]
Compiling architecture behavioral of entity xil_defaultlib.Register_Bank [register_bank_default]
Compiling architecture behavioral of entity xil_defaultlib.register_bank_tb
Built simulation snapshot Register_Bank_TB_behav

****** Webtalk v2018.2 (64-bit)
  **** SW Build 2258646 on Thu Jun 14 20:03:12 MDT 2018
  **** IP Build 2256618 on Thu Jun 14 22:10:49 MDT 2018
    ** Copyright 1986-2018 Xilinx, Inc. All Rights Reserved.

source E:/Xilinx/Projects/Nano -notrace
couldn't read file "E:/Xilinx/Projects/Nano": permission denied
INFO: [Common 17-206] Exiting Webtalk at Sun Jun 11 23:36:05 2023...
run_program: Time (s): cpu = 00:00:00 ; elapsed = 00:00:06 . Memory (MB): peak = 935.578 ; gain = 0.000
INFO: [USF-XSim-69] 'elaborate' step finished in '6' seconds
INFO: [USF-XSim-4] XSim::Simulate design
INFO: [USF-XSim-61] Executing 'SIMULATE' step in 'E:/Xilinx/Projects/Nano Processor Final/Nano Processor Final.sim/sim_1/behav/xsim'
INFO: [USF-XSim-98] *** Running xsim
   with args "Register_Bank_TB_behav -key {Behavioral:sim_1:Functional:Register_Bank_TB} -tclbatch {Register_Bank_TB.tcl} -log {simulate.log}"
INFO: [USF-XSim-8] Loading simulator feature
Vivado Simulator 2018.2
Time resolution is 1 ps
source Register_Bank_TB.tcl
# set curr_wave [current_wave_config]
# if { [string length $curr_wave] == 0 } {
#   if { [llength [get_objects]] > 0} {
#     add_wave /
#     set_property needs_save false [current_wave_config]
#   } else {
#      send_msg_id Add_Wave-1 WARNING "No top level signals found. Simulator will start without a wave window. If you want to open a wave window go to 'File->New Waveform Configuration' or type 'create_wave_config' in the TCL console."
#   }
# }
# run 1000ns
INFO: [USF-XSim-96] XSim completed. Design snapshot 'Register_Bank_TB_behav' loaded.
INFO: [USF-XSim-97] XSim simulation ran for 1000ns
launch_simulation: Time (s): cpu = 00:00:01 ; elapsed = 00:00:12 . Memory (MB): peak = 939.852 ; gain = 4.273
set_property SOURCE_SET sources_1 [get_filesets sim_1]
close [ open {E:/Xilinx/Projects/Nano Processor Final/Nano Processor Final.srcs/sim_1/new/Slow_Clock_TB.vhd} w ]
add_files -fileset sim_1 {{E:/Xilinx/Projects/Nano Processor Final/Nano Processor Final.srcs/sim_1/new/Slow_Clock_TB.vhd}}
update_compile_order -fileset sim_1
set_property top Slow_Clock_TB [get_filesets sim_1]
set_property top_lib xil_defaultlib [get_filesets sim_1]
set_property top Slow_Clock [current_fileset]
update_compile_order -fileset sim_1
update_compile_order -fileset sources_1
launch_simulation
INFO: [Vivado 12-5682] Launching behavioral simulation in 'E:/Xilinx/Projects/Nano Processor Final/Nano Processor Final.sim/sim_1/behav/xsim'
INFO: [SIM-utils-51] Simulation object is 'sim_1'
INFO: [SIM-utils-54] Inspecting design source files for 'Slow_Clock_TB' in fileset 'sim_1'...
INFO: [USF-XSim-97] Finding global include files...
INFO: [USF-XSim-98] Fetching design files from 'sim_1'...
INFO: [USF-XSim-2] XSim::Compile design
INFO: [USF-XSim-61] Executing 'COMPILE and ANALYZE' step in 'E:/Xilinx/Projects/Nano Processor Final/Nano Processor Final.sim/sim_1/behav/xsim'
"xvhdl --incr --relax -prj Slow_Clock_TB_vhdl.prj"
INFO: [VRFC 10-163] Analyzing VHDL file "E:/Xilinx/Projects/Nano Processor Final/Nano Processor Final.srcs/sim_1/new/Slow_Clock_TB.vhd" into library xil_defaultlib
INFO: [VRFC 10-307] analyzing entity Slow_Clock_TB
INFO: [USF-XSim-69] 'compile' step finished in '3' seconds
INFO: [USF-XSim-3] XSim::Elaborate design
INFO: [USF-XSim-61] Executing 'ELABORATE' step in 'E:/Xilinx/Projects/Nano Processor Final/Nano Processor Final.sim/sim_1/behav/xsim'
Vivado Simulator 2018.2
Copyright 1986-1999, 2001-2018 Xilinx, Inc. All Rights Reserved.
Running: E:/Xilinx/Vivado/2018.2/bin/unwrapped/win64.o/xelab.exe -wto 67a5dd7157414ed9814149af3173682b --incr --debug typical --relax --mt 2 -L xil_defaultlib -L secureip --snapshot Slow_Clock_TB_behav xil_defaultlib.Slow_Clock_TB -log elaborate.log 
Using 2 slave threads.
Starting static elaboration
Completed static elaboration
Starting simulation data flow analysis
Completed simulation data flow analysis
Time Resolution for simulation is 1ps
Compiling package std.standard
Compiling package std.textio
Compiling package ieee.std_logic_1164
Compiling architecture behavioral of entity xil_defaultlib.Slow_Clock [slow_clock_default]
Compiling architecture behavioral of entity xil_defaultlib.slow_clock_tb
Built simulation snapshot Slow_Clock_TB_behav

****** Webtalk v2018.2 (64-bit)
  **** SW Build 2258646 on Thu Jun 14 20:03:12 MDT 2018
  **** IP Build 2256618 on Thu Jun 14 22:10:49 MDT 2018
    ** Copyright 1986-2018 Xilinx, Inc. All Rights Reserved.

source E:/Xilinx/Projects/Nano -notrace
couldn't read file "E:/Xilinx/Projects/Nano": permission denied
INFO: [Common 17-206] Exiting Webtalk at Sun Jun 11 23:40:25 2023...
run_program: Time (s): cpu = 00:00:00 ; elapsed = 00:00:05 . Memory (MB): peak = 941.789 ; gain = 0.000
INFO: [USF-XSim-69] 'elaborate' step finished in '5' seconds
INFO: [USF-XSim-4] XSim::Simulate design
INFO: [USF-XSim-61] Executing 'SIMULATE' step in 'E:/Xilinx/Projects/Nano Processor Final/Nano Processor Final.sim/sim_1/behav/xsim'
INFO: [USF-XSim-98] *** Running xsim
   with args "Slow_Clock_TB_behav -key {Behavioral:sim_1:Functional:Slow_Clock_TB} -tclbatch {Slow_Clock_TB.tcl} -log {simulate.log}"
INFO: [USF-XSim-8] Loading simulator feature
Vivado Simulator 2018.2
Time resolution is 1 ps
source Slow_Clock_TB.tcl
# set curr_wave [current_wave_config]
# if { [string length $curr_wave] == 0 } {
#   if { [llength [get_objects]] > 0} {
#     add_wave /
#     set_property needs_save false [current_wave_config]
#   } else {
#      send_msg_id Add_Wave-1 WARNING "No top level signals found. Simulator will start without a wave window. If you want to open a wave window go to 'File->New Waveform Configuration' or type 'create_wave_config' in the TCL console."
#   }
# }
# run 1000ns
INFO: [USF-XSim-96] XSim completed. Design snapshot 'Slow_Clock_TB_behav' loaded.
INFO: [USF-XSim-97] XSim simulation ran for 1000ns
launch_simulation: Time (s): cpu = 00:00:01 ; elapsed = 00:00:11 . Memory (MB): peak = 950.477 ; gain = 8.719
set_property SOURCE_SET sources_1 [get_filesets sim_1]
close [ open {E:/Xilinx/Projects/Nano Processor Final/Nano Processor Final.srcs/sim_1/new/Adder_3bit_TB.vhd} w ]
add_files -fileset sim_1 {{E:/Xilinx/Projects/Nano Processor Final/Nano Processor Final.srcs/sim_1/new/Adder_3bit_TB.vhd}}
update_compile_order -fileset sim_1
set_property top System_TB [get_filesets sim_1]
set_property top_lib xil_defaultlib [get_filesets sim_1]
update_compile_order -fileset sim_1
set_property top System [current_fileset]
update_compile_order -fileset sources_1
set_property SOURCE_SET sources_1 [get_filesets sim_1]
close [ open {E:/Xilinx/Projects/Nano Processor Final/Nano Processor Final.srcs/sim_1/new/AS_4bit_TB.vhd} w ]
add_files -fileset sim_1 {{E:/Xilinx/Projects/Nano Processor Final/Nano Processor Final.srcs/sim_1/new/AS_4bit_TB.vhd}}
update_compile_order -fileset sim_1
reset_run synth_1
WARNING: [Vivado 12-1017] Problems encountered:
1. Failed to delete one or more files in run directory E:/Xilinx/Projects/Nano Processor Final/Nano Processor Final.runs/synth_1

launch_runs synth_1 -jobs 4
[Sun Jun 11 23:58:00 2023] Launched synth_1...
Run output will be captured here: E:/Xilinx/Projects/Nano Processor Final/Nano Processor Final.runs/synth_1/runme.log
launch_runs impl_1 -jobs 4
[Mon Jun 12 00:00:30 2023] Launched impl_1...
Run output will be captured here: E:/Xilinx/Projects/Nano Processor Final/Nano Processor Final.runs/impl_1/runme.log
launch_runs impl_1 -to_step write_bitstream -jobs 4
[Mon Jun 12 00:03:15 2023] Launched impl_1...
Run output will be captured here: E:/Xilinx/Projects/Nano Processor Final/Nano Processor Final.runs/impl_1/runme.log
launch_simulation
INFO: [Vivado 12-5682] Launching behavioral simulation in 'E:/Xilinx/Projects/Nano Processor Final/Nano Processor Final.sim/sim_1/behav/xsim'
INFO: [SIM-utils-51] Simulation object is 'sim_1'
INFO: [SIM-utils-54] Inspecting design source files for 'System_TB' in fileset 'sim_1'...
INFO: [USF-XSim-97] Finding global include files...
INFO: [USF-XSim-98] Fetching design files from 'sim_1'...
INFO: [USF-XSim-2] XSim::Compile design
INFO: [USF-XSim-61] Executing 'COMPILE and ANALYZE' step in 'E:/Xilinx/Projects/Nano Processor Final/Nano Processor Final.sim/sim_1/behav/xsim'
"xvhdl --incr --relax -prj System_TB_vhdl.prj"
INFO: [VRFC 10-163] Analyzing VHDL file "E:/Xilinx/Projects/Nano Processor Final/Nano Processor Final.srcs/sources_1/new/Nano_Processor.vhd" into library xil_defaultlib
INFO: [VRFC 10-307] analyzing entity Nano_Processor
INFO: [VRFC 10-163] Analyzing VHDL file "E:/Xilinx/Projects/Nano Processor Final/Nano Processor Final.srcs/sim_1/new/System_TB.vhd" into library xil_defaultlib
INFO: [VRFC 10-307] analyzing entity System_TB
run_program: Time (s): cpu = 00:00:00 ; elapsed = 00:00:05 . Memory (MB): peak = 959.359 ; gain = 0.000
INFO: [USF-XSim-69] 'compile' step finished in '5' seconds
INFO: [USF-XSim-3] XSim::Elaborate design
