Copyright 1986-2018 Xilinx, Inc. All Rights Reserved.
------------------------------------------------------------------------------------
| Tool Version : Vivado v.2018.2 (win64) Build 2258646 Thu Jun 14 20:03:12 MDT 2018
| Date         : Thu Jun 15 10:11:26 2023
| Host         : DESKTOP-S74UNKU running 64-bit major release  (build 9200)
| Command      : report_control_sets -verbose -file System_control_sets_placed.rpt
| Design       : System
| Device       : xc7a35t
------------------------------------------------------------------------------------

Control Set Information

Table of Contents
-----------------
1. Summary
2. Histogram
3. Flip-Flop Distribution
4. Detailed Control Set Information

1. Summary
----------

+----------------------------------------------------------+-------+
|                          Status                          | Count |
+----------------------------------------------------------+-------+
| Number of unique control sets                            |     7 |
| Unused register locations in slices containing registers |     8 |
+----------------------------------------------------------+-------+


2. Histogram
------------

+--------+--------------+
| Fanout | Control Sets |
+--------+--------------+
|      4 |            1 |
|      6 |            1 |
|      8 |            4 |
|    16+ |            1 |
+--------+--------------+


3. Flip-Flop Distribution
-------------------------

+--------------+-----------------------+------------------------+-----------------+--------------+
| Clock Enable | Synchronous Set/Reset | Asynchronous Set/Reset | Total Registers | Total Slices |
+--------------+-----------------------+------------------------+-----------------+--------------+
| No           | No                    | No                     |              10 |            4 |
| No           | No                    | Yes                    |               0 |            0 |
| No           | Yes                   | No                     |              62 |            8 |
| Yes          | No                    | No                     |               0 |            0 |
| Yes          | No                    | Yes                    |               0 |            0 |
| Yes          | Yes                   | No                     |              32 |            8 |
+--------------+-----------------------+------------------------+-----------------+--------------+


4. Detailed Control Set Information
-----------------------------------

+-------------------+--------------------------------+---------------------------+------------------+----------------+
|    Clock Signal   |          Enable Signal         |      Set/Reset Signal     | Slice Load Count | Bel Load Count |
+-------------------+--------------------------------+---------------------------+------------------+----------------+
|  Clk_IBUF_BUFG    |                                |                           |                2 |              4 |
|  Slow_Clock_0/CLK |                                |                           |                2 |              6 |
|  Slow_Clock_0/CLK | Processor/Program_Counter/y[1] | Reset_Push_IBUF           |                2 |              8 |
|  Slow_Clock_0/CLK | Processor/Program_Counter/y[2] | Reset_Push_IBUF           |                2 |              8 |
|  Slow_Clock_0/CLK | Processor/Program_Counter/y[3] | Reset_Push_IBUF           |                2 |              8 |
|  Slow_Clock_0/CLK | Processor/Program_Counter/y[0] | Reset_Push_IBUF           |                2 |              8 |
|  Clk_IBUF_BUFG    |                                | Slow_Clock_0/clock_status |                8 |             62 |
+-------------------+--------------------------------+---------------------------+------------------+----------------+


